[2024-11-03 18:34:31] local.ERROR: SQLSTATE[HY000] [2002] php_network_getaddresses: getaddrinfo for mysql failed: nodename nor servname provided, or not known (Connection: mysql, SQL: select * from `settings`) {"exception":"[object] (Illuminate\\Database\\QueryException(code: 2002): SQLSTATE[HY000] [2002] php_network_getaddresses: getaddrinfo for mysql failed: nodename nor servname provided, or not known (Connection: mysql, SQL: select * from `settings`) at /Users/apple/Documents/advance-gulf-core-project/vendor/laravel/framework/src/Illuminate/Database/Connection.php:829)
[stacktrace]
#0 /Users/apple/Documents/advance-gulf-core-project/vendor/laravel/framework/src/Illuminate/Database/Connection.php(983): Illuminate\\Database\\Connection->runQueryCallback('select * from `...', Array, Object(Closure))
#1 /Users/apple/Documents/advance-gulf-core-project/vendor/laravel/framework/src/Illuminate/Database/Connection.php(962): Illuminate\\Database\\Connection->tryAgainIfCausedByLostConnection(Object(Illuminate\\Database\\QueryException), 'select * from `...', Array, Object(Closure))
#2 /Users/apple/Documents/advance-gulf-core-project/vendor/laravel/framework/src/Illuminate/Database/Connection.php(785): Illuminate\\Database\\Connection->handleQueryException(Object(Illuminate\\Database\\QueryException), 'select * from `...', Array, Object(Closure))
#3 /Users/apple/Documents/advance-gulf-core-project/vendor/laravel/framework/src/Illuminate/Database/Connection.php(414): Illuminate\\Database\\Connection->run('select * from `...', Array, Object(Closure))
#4 /Users/apple/Documents/advance-gulf-core-project/vendor/laravel/framework/src/Illuminate/Database/Query/Builder.php(2751): Illuminate\\Database\\Connection->select('select * from `...', Array, true)
#5 /Users/apple/Documents/advance-gulf-core-project/vendor/laravel/framework/src/Illuminate/Database/Query/Builder.php(2740): Illuminate\\Database\\Query\\Builder->runSelect()
#6 /Users/apple/Documents/advance-gulf-core-project/vendor/laravel/framework/src/Illuminate/Database/Query/Builder.php(3294): Illuminate\\Database\\Query\\Builder->Illuminate\\Database\\Query\\{closure}()
#7 /Users/apple/Documents/advance-gulf-core-project/vendor/laravel/framework/src/Illuminate/Database/Query/Builder.php(2739): Illuminate\\Database\\Query\\Builder->onceWithColumns(Array, Object(Closure))
#8 /Users/apple/Documents/advance-gulf-core-project/vendor/laravel/framework/src/Illuminate/Database/Eloquent/Builder.php(738): Illuminate\\Database\\Query\\Builder->get(Array)
#9 /Users/apple/Documents/advance-gulf-core-project/vendor/laravel/framework/src/Illuminate/Database/Eloquent/Builder.php(722): Illuminate\\Database\\Eloquent\\Builder->getModels(Array)
#10 /Users/apple/Documents/advance-gulf-core-project/vendor/laravel/framework/src/Illuminate/Database/Eloquent/Model.php(674): Illuminate\\Database\\Eloquent\\Builder->get(Array)
#11 /Users/apple/Documents/advance-gulf-core-project/app/Models/Setting.php(19): Illuminate\\Database\\Eloquent\\Model::all()
#12 /Users/apple/Documents/advance-gulf-core-project/vendor/laravel/framework/src/Illuminate/Cache/Repository.php(438): App\\Models\\Setting::App\\Models\\{closure}()
#13 /Users/apple/Documents/advance-gulf-core-project/vendor/laravel/framework/src/Illuminate/Cache/CacheManager.php(429): Illuminate\\Cache\\Repository->rememberForever('settings.all', Object(Closure))
#14 /Users/apple/Documents/advance-gulf-core-project/vendor/laravel/framework/src/Illuminate/Support/Facades/Facade.php(355): Illuminate\\Cache\\CacheManager->__call('rememberForever', Array)
#15 /Users/apple/Documents/advance-gulf-core-project/app/Models/Setting.php(18): Illuminate\\Support\\Facades\\Facade::__callStatic('rememberForever', Array)
#16 /Users/apple/Documents/advance-gulf-core-project/app/Models/Setting.php(30): App\\Models\\Setting::getAllSettings()
#17 /Users/apple/Documents/advance-gulf-core-project/app/Models/Setting.php(171): App\\Models\\Setting::has('site_timezone')
#18 /Users/apple/Documents/advance-gulf-core-project/app/helpers.php(49): App\\Models\\Setting::get('site_timezone')
#19 /Users/apple/Documents/advance-gulf-core-project/app/Providers/AppServiceProvider.php(54): setting('site_timezone', 'UTC')
#20 /Users/apple/Documents/advance-gulf-core-project/vendor/laravel/framework/src/Illuminate/Container/BoundMethod.php(36): App\\Providers\\AppServiceProvider->boot()
#21 /Users/apple/Documents/advance-gulf-core-project/vendor/laravel/framework/src/Illuminate/Container/Util.php(41): Illuminate\\Container\\BoundMethod::Illuminate\\Container\\{closure}()
#22 /Users/apple/Documents/advance-gulf-core-project/vendor/laravel/framework/src/Illuminate/Container/BoundMethod.php(93): Illuminate\\Container\\Util::unwrapIfClosure(Object(Closure))
#23 /Users/apple/Documents/advance-gulf-core-project/vendor/laravel/framework/src/Illuminate/Container/BoundMethod.php(35): Illuminate\\Container\\BoundMethod::callBoundMethod(Object(Illuminate\\Foundation\\Application), Array, Object(Closure))
#24 /Users/apple/Documents/advance-gulf-core-project/vendor/laravel/framework/src/Illuminate/Container/Container.php(662): Illuminate\\Container\\BoundMethod::call(Object(Illuminate\\Foundation\\Application), Array, Array, NULL)
#25 /Users/apple/Documents/advance-gulf-core-project/vendor/laravel/framework/src/Illuminate/Foundation/Application.php(1030): Illuminate\\Container\\Container->call(Array)
#26 /Users/apple/Documents/advance-gulf-core-project/vendor/laravel/framework/src/Illuminate/Foundation/Application.php(1011): Illuminate\\Foundation\\Application->bootProvider(Object(App\\Providers\\AppServiceProvider))
#27 [internal function]: Illuminate\\Foundation\\Application->Illuminate\\Foundation\\{closure}(Object(App\\Providers\\AppServiceProvider), 23)
#28 /Users/apple/Documents/advance-gulf-core-project/vendor/laravel/framework/src/Illuminate/Foundation/Application.php(1010): array_walk(Array, Object(Closure))
#29 /Users/apple/Documents/advance-gulf-core-project/vendor/laravel/framework/src/Illuminate/Foundation/Bootstrap/BootProviders.php(17): Illuminate\\Foundation\\Application->boot()
#30 /Users/apple/Documents/advance-gulf-core-project/vendor/laravel/framework/src/Illuminate/Foundation/Application.php(263): Illuminate\\Foundation\\Bootstrap\\BootProviders->bootstrap(Object(Illuminate\\Foundation\\Application))
#31 /Users/apple/Documents/advance-gulf-core-project/vendor/laravel/framework/src/Illuminate/Foundation/Console/Kernel.php(447): Illuminate\\Foundation\\Application->bootstrapWith(Array)
#32 /Users/apple/Documents/advance-gulf-core-project/vendor/laravel/framework/src/Illuminate/Foundation/Console/Kernel.php(199): Illuminate\\Foundation\\Console\\Kernel->bootstrap()
#33 /Users/apple/Documents/advance-gulf-core-project/artisan(35): Illuminate\\Foundation\\Console\\Kernel->handle(Object(Symfony\\Component\\Console\\Input\\ArgvInput), Object(Symfony\\Component\\Console\\Output\\ConsoleOutput))
#34 {main}

[previous exception] [object] (PDOException(code: 2002): SQLSTATE[HY000] [2002] php_network_getaddresses: getaddrinfo for mysql failed: nodename nor servname provided, or not known at /Users/apple/Documents/advance-gulf-core-project/vendor/laravel/framework/src/Illuminate/Database/Connectors/Connector.php:65)
[stacktrace]
#0 /Users/apple/Documents/advance-gulf-core-project/vendor/laravel/framework/src/Illuminate/Database/Connectors/Connector.php(65): PDO->__construct('mysql:host=mysq...', 'sail', Object(SensitiveParameterValue), Array)
#1 /Users/apple/Documents/advance-gulf-core-project/vendor/laravel/framework/src/Illuminate/Database/Connectors/Connector.php(83): Illuminate\\Database\\Connectors\\Connector->createPdoConnection('mysql:host=mysq...', 'sail', 'password', Array)
#2 /Users/apple/Documents/advance-gulf-core-project/vendor/laravel/framework/src/Illuminate/Database/Connectors/Connector.php(48): Illuminate\\Database\\Connectors\\Connector->tryAgainIfCausedByLostConnection(Object(PDOException), 'mysql:host=mysq...', 'sail', 'password', Array)
#3 /Users/apple/Documents/advance-gulf-core-project/vendor/laravel/framework/src/Illuminate/Database/Connectors/MySqlConnector.php(24): Illuminate\\Database\\Connectors\\Connector->createConnection('mysql:host=mysq...', Array, Array)
#4 /Users/apple/Documents/advance-gulf-core-project/vendor/laravel/framework/src/Illuminate/Database/Connectors/ConnectionFactory.php(184): Illuminate\\Database\\Connectors\\MySqlConnector->connect(Array)
#5 [internal function]: Illuminate\\Database\\Connectors\\ConnectionFactory->Illuminate\\Database\\Connectors\\{closure}()
#6 /Users/apple/Documents/advance-gulf-core-project/vendor/laravel/framework/src/Illuminate/Database/Connection.php(1339): call_user_func(Object(Closure))
#7 /Users/apple/Documents/advance-gulf-core-project/vendor/laravel/framework/src/Illuminate/Database/Connection.php(1375): Illuminate\\Database\\Connection->getPdo()
#8 /Users/apple/Documents/advance-gulf-core-project/vendor/laravel/framework/src/Illuminate/Database/Connection.php(528): Illuminate\\Database\\Connection->getReadPdo()
#9 /Users/apple/Documents/advance-gulf-core-project/vendor/laravel/framework/src/Illuminate/Database/Connection.php(423): Illuminate\\Database\\Connection->getPdoForSelect(true)
#10 /Users/apple/Documents/advance-gulf-core-project/vendor/laravel/framework/src/Illuminate/Database/Connection.php(816): Illuminate\\Database\\Connection->Illuminate\\Database\\{closure}('select * from `...', Array)
#11 /Users/apple/Documents/advance-gulf-core-project/vendor/laravel/framework/src/Illuminate/Database/Connection.php(983): Illuminate\\Database\\Connection->runQueryCallback('select * from `...', Array, Object(Closure))
#12 /Users/apple/Documents/advance-gulf-core-project/vendor/laravel/framework/src/Illuminate/Database/Connection.php(962): Illuminate\\Database\\Connection->tryAgainIfCausedByLostConnection(Object(Illuminate\\Database\\QueryException), 'select * from `...', Array, Object(Closure))
#13 /Users/apple/Documents/advance-gulf-core-project/vendor/laravel/framework/src/Illuminate/Database/Connection.php(785): Illuminate\\Database\\Connection->handleQueryException(Object(Illuminate\\Database\\QueryException), 'select * from `...', Array, Object(Closure))
#14 /Users/apple/Documents/advance-gulf-core-project/vendor/laravel/framework/src/Illuminate/Database/Connection.php(414): Illuminate\\Database\\Connection->run('select * from `...', Array, Object(Closure))
#15 /Users/apple/Documents/advance-gulf-core-project/vendor/laravel/framework/src/Illuminate/Database/Query/Builder.php(2751): Illuminate\\Database\\Connection->select('select * from `...', Array, true)
#16 /Users/apple/Documents/advance-gulf-core-project/vendor/laravel/framework/src/Illuminate/Database/Query/Builder.php(2740): Illuminate\\Database\\Query\\Builder->runSelect()
#17 /Users/apple/Documents/advance-gulf-core-project/vendor/laravel/framework/src/Illuminate/Database/Query/Builder.php(3294): Illuminate\\Database\\Query\\Builder->Illuminate\\Database\\Query\\{closure}()
#18 /Users/apple/Documents/advance-gulf-core-project/vendor/laravel/framework/src/Illuminate/Database/Query/Builder.php(2739): Illuminate\\Database\\Query\\Builder->onceWithColumns(Array, Object(Closure))
#19 /Users/apple/Documents/advance-gulf-core-project/vendor/laravel/framework/src/Illuminate/Database/Eloquent/Builder.php(738): Illuminate\\Database\\Query\\Builder->get(Array)
#20 /Users/apple/Documents/advance-gulf-core-project/vendor/laravel/framework/src/Illuminate/Database/Eloquent/Builder.php(722): Illuminate\\Database\\Eloquent\\Builder->getModels(Array)
#21 /Users/apple/Documents/advance-gulf-core-project/vendor/laravel/framework/src/Illuminate/Database/Eloquent/Model.php(674): Illuminate\\Database\\Eloquent\\Builder->get(Array)
#22 /Users/apple/Documents/advance-gulf-core-project/app/Models/Setting.php(19): Illuminate\\Database\\Eloquent\\Model::all()
#23 /Users/apple/Documents/advance-gulf-core-project/vendor/laravel/framework/src/Illuminate/Cache/Repository.php(438): App\\Models\\Setting::App\\Models\\{closure}()
#24 /Users/apple/Documents/advance-gulf-core-project/vendor/laravel/framework/src/Illuminate/Cache/CacheManager.php(429): Illuminate\\Cache\\Repository->rememberForever('settings.all', Object(Closure))
#25 /Users/apple/Documents/advance-gulf-core-project/vendor/laravel/framework/src/Illuminate/Support/Facades/Facade.php(355): Illuminate\\Cache\\CacheManager->__call('rememberForever', Array)
#26 /Users/apple/Documents/advance-gulf-core-project/app/Models/Setting.php(18): Illuminate\\Support\\Facades\\Facade::__callStatic('rememberForever', Array)
#27 /Users/apple/Documents/advance-gulf-core-project/app/Models/Setting.php(30): App\\Models\\Setting::getAllSettings()
#28 /Users/apple/Documents/advance-gulf-core-project/app/Models/Setting.php(171): App\\Models\\Setting::has('site_timezone')
#29 /Users/apple/Documents/advance-gulf-core-project/app/helpers.php(49): App\\Models\\Setting::get('site_timezone')
#30 /Users/apple/Documents/advance-gulf-core-project/app/Providers/AppServiceProvider.php(54): setting('site_timezone', 'UTC')
#31 /Users/apple/Documents/advance-gulf-core-project/vendor/laravel/framework/src/Illuminate/Container/BoundMethod.php(36): App\\Providers\\AppServiceProvider->boot()
#32 /Users/apple/Documents/advance-gulf-core-project/vendor/laravel/framework/src/Illuminate/Container/Util.php(41): Illuminate\\Container\\BoundMethod::Illuminate\\Container\\{closure}()
#33 /Users/apple/Documents/advance-gulf-core-project/vendor/laravel/framework/src/Illuminate/Container/BoundMethod.php(93): Illuminate\\Container\\Util::unwrapIfClosure(Object(Closure))
#34 /Users/apple/Documents/advance-gulf-core-project/vendor/laravel/framework/src/Illuminate/Container/BoundMethod.php(35): Illuminate\\Container\\BoundMethod::callBoundMethod(Object(Illuminate\\Foundation\\Application), Array, Object(Closure))
#35 /Users/apple/Documents/advance-gulf-core-project/vendor/laravel/framework/src/Illuminate/Container/Container.php(662): Illuminate\\Container\\BoundMethod::call(Object(Illuminate\\Foundation\\Application), Array, Array, NULL)
#36 /Users/apple/Documents/advance-gulf-core-project/vendor/laravel/framework/src/Illuminate/Foundation/Application.php(1030): Illuminate\\Container\\Container->call(Array)
#37 /Users/apple/Documents/advance-gulf-core-project/vendor/laravel/framework/src/Illuminate/Foundation/Application.php(1011): Illuminate\\Foundation\\Application->bootProvider(Object(App\\Providers\\AppServiceProvider))
#38 [internal function]: Illuminate\\Foundation\\Application->Illuminate\\Foundation\\{closure}(Object(App\\Providers\\AppServiceProvider), 23)
#39 /Users/apple/Documents/advance-gulf-core-project/vendor/laravel/framework/src/Illuminate/Foundation/Application.php(1010): array_walk(Array, Object(Closure))
#40 /Users/apple/Documents/advance-gulf-core-project/vendor/laravel/framework/src/Illuminate/Foundation/Bootstrap/BootProviders.php(17): Illuminate\\Foundation\\Application->boot()
#41 /Users/apple/Documents/advance-gulf-core-project/vendor/laravel/framework/src/Illuminate/Foundation/Application.php(263): Illuminate\\Foundation\\Bootstrap\\BootProviders->bootstrap(Object(Illuminate\\Foundation\\Application))
#42 /Users/apple/Documents/advance-gulf-core-project/vendor/laravel/framework/src/Illuminate/Foundation/Console/Kernel.php(447): Illuminate\\Foundation\\Application->bootstrapWith(Array)
#43 /Users/apple/Documents/advance-gulf-core-project/vendor/laravel/framework/src/Illuminate/Foundation/Console/Kernel.php(199): Illuminate\\Foundation\\Console\\Kernel->bootstrap()
#44 /Users/apple/Documents/advance-gulf-core-project/artisan(35): Illuminate\\Foundation\\Console\\Kernel->handle(Object(Symfony\\Component\\Console\\Input\\ArgvInput), Object(Symfony\\Component\\Console\\Output\\ConsoleOutput))
#45 {main}

[previous exception] [object] (PDOException(code: 0): PDO::__construct(): php_network_getaddresses: getaddrinfo for mysql failed: nodename nor servname provided, or not known at /Users/apple/Documents/advance-gulf-core-project/vendor/laravel/framework/src/Illuminate/Database/Connectors/Connector.php:65)
[stacktrace]
#0 /Users/apple/Documents/advance-gulf-core-project/vendor/laravel/framework/src/Illuminate/Database/Connectors/Connector.php(65): PDO->__construct('mysql:host=mysq...', 'sail', Object(SensitiveParameterValue), Array)
#1 /Users/apple/Documents/advance-gulf-core-project/vendor/laravel/framework/src/Illuminate/Database/Connectors/Connector.php(83): Illuminate\\Database\\Connectors\\Connector->createPdoConnection('mysql:host=mysq...', 'sail', 'password', Array)
#2 /Users/apple/Documents/advance-gulf-core-project/vendor/laravel/framework/src/Illuminate/Database/Connectors/Connector.php(48): Illuminate\\Database\\Connectors\\Connector->tryAgainIfCausedByLostConnection(Object(PDOException), 'mysql:host=mysq...', 'sail', 'password', Array)
#3 /Users/apple/Documents/advance-gulf-core-project/vendor/laravel/framework/src/Illuminate/Database/Connectors/MySqlConnector.php(24): Illuminate\\Database\\Connectors\\Connector->createConnection('mysql:host=mysq...', Array, Array)
#4 /Users/apple/Documents/advance-gulf-core-project/vendor/laravel/framework/src/Illuminate/Database/Connectors/ConnectionFactory.php(184): Illuminate\\Database\\Connectors\\MySqlConnector->connect(Array)
#5 [internal function]: Illuminate\\Database\\Connectors\\ConnectionFactory->Illuminate\\Database\\Connectors\\{closure}()
#6 /Users/apple/Documents/advance-gulf-core-project/vendor/laravel/framework/src/Illuminate/Database/Connection.php(1339): call_user_func(Object(Closure))
#7 /Users/apple/Documents/advance-gulf-core-project/vendor/laravel/framework/src/Illuminate/Database/Connection.php(1375): Illuminate\\Database\\Connection->getPdo()
#8 /Users/apple/Documents/advance-gulf-core-project/vendor/laravel/framework/src/Illuminate/Database/Connection.php(528): Illuminate\\Database\\Connection->getReadPdo()
#9 /Users/apple/Documents/advance-gulf-core-project/vendor/laravel/framework/src/Illuminate/Database/Connection.php(423): Illuminate\\Database\\Connection->getPdoForSelect(true)
#10 /Users/apple/Documents/advance-gulf-core-project/vendor/laravel/framework/src/Illuminate/Database/Connection.php(816): Illuminate\\Database\\Connection->Illuminate\\Database\\{closure}('select * from `...', Array)
#11 /Users/apple/Documents/advance-gulf-core-project/vendor/laravel/framework/src/Illuminate/Database/Connection.php(983): Illuminate\\Database\\Connection->runQueryCallback('select * from `...', Array, Object(Closure))
#12 /Users/apple/Documents/advance-gulf-core-project/vendor/laravel/framework/src/Illuminate/Database/Connection.php(962): Illuminate\\Database\\Connection->tryAgainIfCausedByLostConnection(Object(Illuminate\\Database\\QueryException), 'select * from `...', Array, Object(Closure))
#13 /Users/apple/Documents/advance-gulf-core-project/vendor/laravel/framework/src/Illuminate/Database/Connection.php(785): Illuminate\\Database\\Connection->handleQueryException(Object(Illuminate\\Database\\QueryException), 'select * from `...', Array, Object(Closure))
#14 /Users/apple/Documents/advance-gulf-core-project/vendor/laravel/framework/src/Illuminate/Database/Connection.php(414): Illuminate\\Database\\Connection->run('select * from `...', Array, Object(Closure))
#15 /Users/apple/Documents/advance-gulf-core-project/vendor/laravel/framework/src/Illuminate/Database/Query/Builder.php(2751): Illuminate\\Database\\Connection->select('select * from `...', Array, true)
#16 /Users/apple/Documents/advance-gulf-core-project/vendor/laravel/framework/src/Illuminate/Database/Query/Builder.php(2740): Illuminate\\Database\\Query\\Builder->runSelect()
#17 /Users/apple/Documents/advance-gulf-core-project/vendor/laravel/framework/src/Illuminate/Database/Query/Builder.php(3294): Illuminate\\Database\\Query\\Builder->Illuminate\\Database\\Query\\{closure}()
#18 /Users/apple/Documents/advance-gulf-core-project/vendor/laravel/framework/src/Illuminate/Database/Query/Builder.php(2739): Illuminate\\Database\\Query\\Builder->onceWithColumns(Array, Object(Closure))
#19 /Users/apple/Documents/advance-gulf-core-project/vendor/laravel/framework/src/Illuminate/Database/Eloquent/Builder.php(738): Illuminate\\Database\\Query\\Builder->get(Array)
#20 /Users/apple/Documents/advance-gulf-core-project/vendor/laravel/framework/src/Illuminate/Database/Eloquent/Builder.php(722): Illuminate\\Database\\Eloquent\\Builder->getModels(Array)
#21 /Users/apple/Documents/advance-gulf-core-project/vendor/laravel/framework/src/Illuminate/Database/Eloquent/Model.php(674): Illuminate\\Database\\Eloquent\\Builder->get(Array)
#22 /Users/apple/Documents/advance-gulf-core-project/app/Models/Setting.php(19): Illuminate\\Database\\Eloquent\\Model::all()
#23 /Users/apple/Documents/advance-gulf-core-project/vendor/laravel/framework/src/Illuminate/Cache/Repository.php(438): App\\Models\\Setting::App\\Models\\{closure}()
#24 /Users/apple/Documents/advance-gulf-core-project/vendor/laravel/framework/src/Illuminate/Cache/CacheManager.php(429): Illuminate\\Cache\\Repository->rememberForever('settings.all', Object(Closure))
#25 /Users/apple/Documents/advance-gulf-core-project/vendor/laravel/framework/src/Illuminate/Support/Facades/Facade.php(355): Illuminate\\Cache\\CacheManager->__call('rememberForever', Array)
#26 /Users/apple/Documents/advance-gulf-core-project/app/Models/Setting.php(18): Illuminate\\Support\\Facades\\Facade::__callStatic('rememberForever', Array)
#27 /Users/apple/Documents/advance-gulf-core-project/app/Models/Setting.php(30): App\\Models\\Setting::getAllSettings()
#28 /Users/apple/Documents/advance-gulf-core-project/app/Models/Setting.php(171): App\\Models\\Setting::has('site_timezone')
#29 /Users/apple/Documents/advance-gulf-core-project/app/helpers.php(49): App\\Models\\Setting::get('site_timezone')
#30 /Users/apple/Documents/advance-gulf-core-project/app/Providers/AppServiceProvider.php(54): setting('site_timezone', 'UTC')
#31 /Users/apple/Documents/advance-gulf-core-project/vendor/laravel/framework/src/Illuminate/Container/BoundMethod.php(36): App\\Providers\\AppServiceProvider->boot()
#32 /Users/apple/Documents/advance-gulf-core-project/vendor/laravel/framework/src/Illuminate/Container/Util.php(41): Illuminate\\Container\\BoundMethod::Illuminate\\Container\\{closure}()
#33 /Users/apple/Documents/advance-gulf-core-project/vendor/laravel/framework/src/Illuminate/Container/BoundMethod.php(93): Illuminate\\Container\\Util::unwrapIfClosure(Object(Closure))
#34 /Users/apple/Documents/advance-gulf-core-project/vendor/laravel/framework/src/Illuminate/Container/BoundMethod.php(35): Illuminate\\Container\\BoundMethod::callBoundMethod(Object(Illuminate\\Foundation\\Application), Array, Object(Closure))
#35 /Users/apple/Documents/advance-gulf-core-project/vendor/laravel/framework/src/Illuminate/Container/Container.php(662): Illuminate\\Container\\BoundMethod::call(Object(Illuminate\\Foundation\\Application), Array, Array, NULL)
#36 /Users/apple/Documents/advance-gulf-core-project/vendor/laravel/framework/src/Illuminate/Foundation/Application.php(1030): Illuminate\\Container\\Container->call(Array)
#37 /Users/apple/Documents/advance-gulf-core-project/vendor/laravel/framework/src/Illuminate/Foundation/Application.php(1011): Illuminate\\Foundation\\Application->bootProvider(Object(App\\Providers\\AppServiceProvider))
#38 [internal function]: Illuminate\\Foundation\\Application->Illuminate\\Foundation\\{closure}(Object(App\\Providers\\AppServiceProvider), 23)
#39 /Users/apple/Documents/advance-gulf-core-project/vendor/laravel/framework/src/Illuminate/Foundation/Application.php(1010): array_walk(Array, Object(Closure))
#40 /Users/apple/Documents/advance-gulf-core-project/vendor/laravel/framework/src/Illuminate/Foundation/Bootstrap/BootProviders.php(17): Illuminate\\Foundation\\Application->boot()
#41 /Users/apple/Documents/advance-gulf-core-project/vendor/laravel/framework/src/Illuminate/Foundation/Application.php(263): Illuminate\\Foundation\\Bootstrap\\BootProviders->bootstrap(Object(Illuminate\\Foundation\\Application))
#42 /Users/apple/Documents/advance-gulf-core-project/vendor/laravel/framework/src/Illuminate/Foundation/Console/Kernel.php(447): Illuminate\\Foundation\\Application->bootstrapWith(Array)
#43 /Users/apple/Documents/advance-gulf-core-project/vendor/laravel/framework/src/Illuminate/Foundation/Console/Kernel.php(199): Illuminate\\Foundation\\Console\\Kernel->bootstrap()
#44 /Users/apple/Documents/advance-gulf-core-project/artisan(35): Illuminate\\Foundation\\Console\\Kernel->handle(Object(Symfony\\Component\\Console\\Input\\ArgvInput), Object(Symfony\\Component\\Console\\Output\\ConsoleOutput))
#45 {main}
"} 
[2024-11-03 18:37:25] local.ERROR: SQLSTATE[HY000] [2002] php_network_getaddresses: getaddrinfo for mysql failed: nodename nor servname provided, or not known (Connection: mysql, SQL: select * from `settings`) {"exception":"[object] (Illuminate\\Database\\QueryException(code: 2002): SQLSTATE[HY000] [2002] php_network_getaddresses: getaddrinfo for mysql failed: nodename nor servname provided, or not known (Connection: mysql, SQL: select * from `settings`) at /Users/apple/Documents/advance-gulf-core-project/vendor/laravel/framework/src/Illuminate/Database/Connection.php:829)
[stacktrace]
#0 /Users/apple/Documents/advance-gulf-core-project/vendor/laravel/framework/src/Illuminate/Database/Connection.php(983): Illuminate\\Database\\Connection->runQueryCallback('select * from `...', Array, Object(Closure))
#1 /Users/apple/Documents/advance-gulf-core-project/vendor/laravel/framework/src/Illuminate/Database/Connection.php(962): Illuminate\\Database\\Connection->tryAgainIfCausedByLostConnection(Object(Illuminate\\Database\\QueryException), 'select * from `...', Array, Object(Closure))
#2 /Users/apple/Documents/advance-gulf-core-project/vendor/laravel/framework/src/Illuminate/Database/Connection.php(785): Illuminate\\Database\\Connection->handleQueryException(Object(Illuminate\\Database\\QueryException), 'select * from `...', Array, Object(Closure))
#3 /Users/apple/Documents/advance-gulf-core-project/vendor/laravel/framework/src/Illuminate/Database/Connection.php(414): Illuminate\\Database\\Connection->run('select * from `...', Array, Object(Closure))
#4 /Users/apple/Documents/advance-gulf-core-project/vendor/laravel/framework/src/Illuminate/Database/Query/Builder.php(2751): Illuminate\\Database\\Connection->select('select * from `...', Array, true)
#5 /Users/apple/Documents/advance-gulf-core-project/vendor/laravel/framework/src/Illuminate/Database/Query/Builder.php(2740): Illuminate\\Database\\Query\\Builder->runSelect()
#6 /Users/apple/Documents/advance-gulf-core-project/vendor/laravel/framework/src/Illuminate/Database/Query/Builder.php(3294): Illuminate\\Database\\Query\\Builder->Illuminate\\Database\\Query\\{closure}()
#7 /Users/apple/Documents/advance-gulf-core-project/vendor/laravel/framework/src/Illuminate/Database/Query/Builder.php(2739): Illuminate\\Database\\Query\\Builder->onceWithColumns(Array, Object(Closure))
#8 /Users/apple/Documents/advance-gulf-core-project/vendor/laravel/framework/src/Illuminate/Database/Eloquent/Builder.php(738): Illuminate\\Database\\Query\\Builder->get(Array)
#9 /Users/apple/Documents/advance-gulf-core-project/vendor/laravel/framework/src/Illuminate/Database/Eloquent/Builder.php(722): Illuminate\\Database\\Eloquent\\Builder->getModels(Array)
#10 /Users/apple/Documents/advance-gulf-core-project/vendor/laravel/framework/src/Illuminate/Database/Eloquent/Model.php(674): Illuminate\\Database\\Eloquent\\Builder->get(Array)
#11 /Users/apple/Documents/advance-gulf-core-project/app/Models/Setting.php(19): Illuminate\\Database\\Eloquent\\Model::all()
#12 /Users/apple/Documents/advance-gulf-core-project/vendor/laravel/framework/src/Illuminate/Cache/Repository.php(438): App\\Models\\Setting::App\\Models\\{closure}()
#13 /Users/apple/Documents/advance-gulf-core-project/vendor/laravel/framework/src/Illuminate/Cache/CacheManager.php(429): Illuminate\\Cache\\Repository->rememberForever('settings.all', Object(Closure))
#14 /Users/apple/Documents/advance-gulf-core-project/vendor/laravel/framework/src/Illuminate/Support/Facades/Facade.php(355): Illuminate\\Cache\\CacheManager->__call('rememberForever', Array)
#15 /Users/apple/Documents/advance-gulf-core-project/app/Models/Setting.php(18): Illuminate\\Support\\Facades\\Facade::__callStatic('rememberForever', Array)
#16 /Users/apple/Documents/advance-gulf-core-project/app/Models/Setting.php(30): App\\Models\\Setting::getAllSettings()
#17 /Users/apple/Documents/advance-gulf-core-project/app/Models/Setting.php(171): App\\Models\\Setting::has('site_timezone')
#18 /Users/apple/Documents/advance-gulf-core-project/app/helpers.php(49): App\\Models\\Setting::get('site_timezone')
#19 /Users/apple/Documents/advance-gulf-core-project/app/Providers/AppServiceProvider.php(54): setting('site_timezone', 'UTC')
#20 /Users/apple/Documents/advance-gulf-core-project/vendor/laravel/framework/src/Illuminate/Container/BoundMethod.php(36): App\\Providers\\AppServiceProvider->boot()
#21 /Users/apple/Documents/advance-gulf-core-project/vendor/laravel/framework/src/Illuminate/Container/Util.php(41): Illuminate\\Container\\BoundMethod::Illuminate\\Container\\{closure}()
#22 /Users/apple/Documents/advance-gulf-core-project/vendor/laravel/framework/src/Illuminate/Container/BoundMethod.php(93): Illuminate\\Container\\Util::unwrapIfClosure(Object(Closure))
#23 /Users/apple/Documents/advance-gulf-core-project/vendor/laravel/framework/src/Illuminate/Container/BoundMethod.php(35): Illuminate\\Container\\BoundMethod::callBoundMethod(Object(Illuminate\\Foundation\\Application), Array, Object(Closure))
#24 /Users/apple/Documents/advance-gulf-core-project/vendor/laravel/framework/src/Illuminate/Container/Container.php(662): Illuminate\\Container\\BoundMethod::call(Object(Illuminate\\Foundation\\Application), Array, Array, NULL)
#25 /Users/apple/Documents/advance-gulf-core-project/vendor/laravel/framework/src/Illuminate/Foundation/Application.php(1030): Illuminate\\Container\\Container->call(Array)
#26 /Users/apple/Documents/advance-gulf-core-project/vendor/laravel/framework/src/Illuminate/Foundation/Application.php(1011): Illuminate\\Foundation\\Application->bootProvider(Object(App\\Providers\\AppServiceProvider))
#27 [internal function]: Illuminate\\Foundation\\Application->Illuminate\\Foundation\\{closure}(Object(App\\Providers\\AppServiceProvider), 23)
#28 /Users/apple/Documents/advance-gulf-core-project/vendor/laravel/framework/src/Illuminate/Foundation/Application.php(1010): array_walk(Array, Object(Closure))
#29 /Users/apple/Documents/advance-gulf-core-project/vendor/laravel/framework/src/Illuminate/Foundation/Bootstrap/BootProviders.php(17): Illuminate\\Foundation\\Application->boot()
#30 /Users/apple/Documents/advance-gulf-core-project/vendor/laravel/framework/src/Illuminate/Foundation/Application.php(263): Illuminate\\Foundation\\Bootstrap\\BootProviders->bootstrap(Object(Illuminate\\Foundation\\Application))
#31 /Users/apple/Documents/advance-gulf-core-project/vendor/laravel/framework/src/Illuminate/Foundation/Console/Kernel.php(447): Illuminate\\Foundation\\Application->bootstrapWith(Array)
#32 /Users/apple/Documents/advance-gulf-core-project/vendor/laravel/framework/src/Illuminate/Foundation/Console/Kernel.php(199): Illuminate\\Foundation\\Console\\Kernel->bootstrap()
#33 /Users/apple/Documents/advance-gulf-core-project/artisan(35): Illuminate\\Foundation\\Console\\Kernel->handle(Object(Symfony\\Component\\Console\\Input\\ArgvInput), Object(Symfony\\Component\\Console\\Output\\ConsoleOutput))
#34 {main}

[previous exception] [object] (PDOException(code: 2002): SQLSTATE[HY000] [2002] php_network_getaddresses: getaddrinfo for mysql failed: nodename nor servname provided, or not known at /Users/apple/Documents/advance-gulf-core-project/vendor/laravel/framework/src/Illuminate/Database/Connectors/Connector.php:65)
[stacktrace]
#0 /Users/apple/Documents/advance-gulf-core-project/vendor/laravel/framework/src/Illuminate/Database/Connectors/Connector.php(65): PDO->__construct('mysql:host=mysq...', 'sail', Object(SensitiveParameterValue), Array)
#1 /Users/apple/Documents/advance-gulf-core-project/vendor/laravel/framework/src/Illuminate/Database/Connectors/Connector.php(83): Illuminate\\Database\\Connectors\\Connector->createPdoConnection('mysql:host=mysq...', 'sail', 'password', Array)
#2 /Users/apple/Documents/advance-gulf-core-project/vendor/laravel/framework/src/Illuminate/Database/Connectors/Connector.php(48): Illuminate\\Database\\Connectors\\Connector->tryAgainIfCausedByLostConnection(Object(PDOException), 'mysql:host=mysq...', 'sail', 'password', Array)
#3 /Users/apple/Documents/advance-gulf-core-project/vendor/laravel/framework/src/Illuminate/Database/Connectors/MySqlConnector.php(24): Illuminate\\Database\\Connectors\\Connector->createConnection('mysql:host=mysq...', Array, Array)
#4 /Users/apple/Documents/advance-gulf-core-project/vendor/laravel/framework/src/Illuminate/Database/Connectors/ConnectionFactory.php(184): Illuminate\\Database\\Connectors\\MySqlConnector->connect(Array)
#5 [internal function]: Illuminate\\Database\\Connectors\\ConnectionFactory->Illuminate\\Database\\Connectors\\{closure}()
#6 /Users/apple/Documents/advance-gulf-core-project/vendor/laravel/framework/src/Illuminate/Database/Connection.php(1339): call_user_func(Object(Closure))
#7 /Users/apple/Documents/advance-gulf-core-project/vendor/laravel/framework/src/Illuminate/Database/Connection.php(1375): Illuminate\\Database\\Connection->getPdo()
#8 /Users/apple/Documents/advance-gulf-core-project/vendor/laravel/framework/src/Illuminate/Database/Connection.php(528): Illuminate\\Database\\Connection->getReadPdo()
#9 /Users/apple/Documents/advance-gulf-core-project/vendor/laravel/framework/src/Illuminate/Database/Connection.php(423): Illuminate\\Database\\Connection->getPdoForSelect(true)
#10 /Users/apple/Documents/advance-gulf-core-project/vendor/laravel/framework/src/Illuminate/Database/Connection.php(816): Illuminate\\Database\\Connection->Illuminate\\Database\\{closure}('select * from `...', Array)
#11 /Users/apple/Documents/advance-gulf-core-project/vendor/laravel/framework/src/Illuminate/Database/Connection.php(983): Illuminate\\Database\\Connection->runQueryCallback('select * from `...', Array, Object(Closure))
#12 /Users/apple/Documents/advance-gulf-core-project/vendor/laravel/framework/src/Illuminate/Database/Connection.php(962): Illuminate\\Database\\Connection->tryAgainIfCausedByLostConnection(Object(Illuminate\\Database\\QueryException), 'select * from `...', Array, Object(Closure))
#13 /Users/apple/Documents/advance-gulf-core-project/vendor/laravel/framework/src/Illuminate/Database/Connection.php(785): Illuminate\\Database\\Connection->handleQueryException(Object(Illuminate\\Database\\QueryException), 'select * from `...', Array, Object(Closure))
#14 /Users/apple/Documents/advance-gulf-core-project/vendor/laravel/framework/src/Illuminate/Database/Connection.php(414): Illuminate\\Database\\Connection->run('select * from `...', Array, Object(Closure))
#15 /Users/apple/Documents/advance-gulf-core-project/vendor/laravel/framework/src/Illuminate/Database/Query/Builder.php(2751): Illuminate\\Database\\Connection->select('select * from `...', Array, true)
#16 /Users/apple/Documents/advance-gulf-core-project/vendor/laravel/framework/src/Illuminate/Database/Query/Builder.php(2740): Illuminate\\Database\\Query\\Builder->runSelect()
#17 /Users/apple/Documents/advance-gulf-core-project/vendor/laravel/framework/src/Illuminate/Database/Query/Builder.php(3294): Illuminate\\Database\\Query\\Builder->Illuminate\\Database\\Query\\{closure}()
#18 /Users/apple/Documents/advance-gulf-core-project/vendor/laravel/framework/src/Illuminate/Database/Query/Builder.php(2739): Illuminate\\Database\\Query\\Builder->onceWithColumns(Array, Object(Closure))
#19 /Users/apple/Documents/advance-gulf-core-project/vendor/laravel/framework/src/Illuminate/Database/Eloquent/Builder.php(738): Illuminate\\Database\\Query\\Builder->get(Array)
#20 /Users/apple/Documents/advance-gulf-core-project/vendor/laravel/framework/src/Illuminate/Database/Eloquent/Builder.php(722): Illuminate\\Database\\Eloquent\\Builder->getModels(Array)
#21 /Users/apple/Documents/advance-gulf-core-project/vendor/laravel/framework/src/Illuminate/Database/Eloquent/Model.php(674): Illuminate\\Database\\Eloquent\\Builder->get(Array)
#22 /Users/apple/Documents/advance-gulf-core-project/app/Models/Setting.php(19): Illuminate\\Database\\Eloquent\\Model::all()
#23 /Users/apple/Documents/advance-gulf-core-project/vendor/laravel/framework/src/Illuminate/Cache/Repository.php(438): App\\Models\\Setting::App\\Models\\{closure}()
#24 /Users/apple/Documents/advance-gulf-core-project/vendor/laravel/framework/src/Illuminate/Cache/CacheManager.php(429): Illuminate\\Cache\\Repository->rememberForever('settings.all', Object(Closure))
#25 /Users/apple/Documents/advance-gulf-core-project/vendor/laravel/framework/src/Illuminate/Support/Facades/Facade.php(355): Illuminate\\Cache\\CacheManager->__call('rememberForever', Array)
#26 /Users/apple/Documents/advance-gulf-core-project/app/Models/Setting.php(18): Illuminate\\Support\\Facades\\Facade::__callStatic('rememberForever', Array)
#27 /Users/apple/Documents/advance-gulf-core-project/app/Models/Setting.php(30): App\\Models\\Setting::getAllSettings()
#28 /Users/apple/Documents/advance-gulf-core-project/app/Models/Setting.php(171): App\\Models\\Setting::has('site_timezone')
#29 /Users/apple/Documents/advance-gulf-core-project/app/helpers.php(49): App\\Models\\Setting::get('site_timezone')
#30 /Users/apple/Documents/advance-gulf-core-project/app/Providers/AppServiceProvider.php(54): setting('site_timezone', 'UTC')
#31 /Users/apple/Documents/advance-gulf-core-project/vendor/laravel/framework/src/Illuminate/Container/BoundMethod.php(36): App\\Providers\\AppServiceProvider->boot()
#32 /Users/apple/Documents/advance-gulf-core-project/vendor/laravel/framework/src/Illuminate/Container/Util.php(41): Illuminate\\Container\\BoundMethod::Illuminate\\Container\\{closure}()
#33 /Users/apple/Documents/advance-gulf-core-project/vendor/laravel/framework/src/Illuminate/Container/BoundMethod.php(93): Illuminate\\Container\\Util::unwrapIfClosure(Object(Closure))
#34 /Users/apple/Documents/advance-gulf-core-project/vendor/laravel/framework/src/Illuminate/Container/BoundMethod.php(35): Illuminate\\Container\\BoundMethod::callBoundMethod(Object(Illuminate\\Foundation\\Application), Array, Object(Closure))
#35 /Users/apple/Documents/advance-gulf-core-project/vendor/laravel/framework/src/Illuminate/Container/Container.php(662): Illuminate\\Container\\BoundMethod::call(Object(Illuminate\\Foundation\\Application), Array, Array, NULL)
#36 /Users/apple/Documents/advance-gulf-core-project/vendor/laravel/framework/src/Illuminate/Foundation/Application.php(1030): Illuminate\\Container\\Container->call(Array)
#37 /Users/apple/Documents/advance-gulf-core-project/vendor/laravel/framework/src/Illuminate/Foundation/Application.php(1011): Illuminate\\Foundation\\Application->bootProvider(Object(App\\Providers\\AppServiceProvider))
#38 [internal function]: Illuminate\\Foundation\\Application->Illuminate\\Foundation\\{closure}(Object(App\\Providers\\AppServiceProvider), 23)
#39 /Users/apple/Documents/advance-gulf-core-project/vendor/laravel/framework/src/Illuminate/Foundation/Application.php(1010): array_walk(Array, Object(Closure))
#40 /Users/apple/Documents/advance-gulf-core-project/vendor/laravel/framework/src/Illuminate/Foundation/Bootstrap/BootProviders.php(17): Illuminate\\Foundation\\Application->boot()
#41 /Users/apple/Documents/advance-gulf-core-project/vendor/laravel/framework/src/Illuminate/Foundation/Application.php(263): Illuminate\\Foundation\\Bootstrap\\BootProviders->bootstrap(Object(Illuminate\\Foundation\\Application))
#42 /Users/apple/Documents/advance-gulf-core-project/vendor/laravel/framework/src/Illuminate/Foundation/Console/Kernel.php(447): Illuminate\\Foundation\\Application->bootstrapWith(Array)
#43 /Users/apple/Documents/advance-gulf-core-project/vendor/laravel/framework/src/Illuminate/Foundation/Console/Kernel.php(199): Illuminate\\Foundation\\Console\\Kernel->bootstrap()
#44 /Users/apple/Documents/advance-gulf-core-project/artisan(35): Illuminate\\Foundation\\Console\\Kernel->handle(Object(Symfony\\Component\\Console\\Input\\ArgvInput), Object(Symfony\\Component\\Console\\Output\\ConsoleOutput))
#45 {main}

[previous exception] [object] (PDOException(code: 0): PDO::__construct(): php_network_getaddresses: getaddrinfo for mysql failed: nodename nor servname provided, or not known at /Users/apple/Documents/advance-gulf-core-project/vendor/laravel/framework/src/Illuminate/Database/Connectors/Connector.php:65)
[stacktrace]
#0 /Users/apple/Documents/advance-gulf-core-project/vendor/laravel/framework/src/Illuminate/Database/Connectors/Connector.php(65): PDO->__construct('mysql:host=mysq...', 'sail', Object(SensitiveParameterValue), Array)
#1 /Users/apple/Documents/advance-gulf-core-project/vendor/laravel/framework/src/Illuminate/Database/Connectors/Connector.php(83): Illuminate\\Database\\Connectors\\Connector->createPdoConnection('mysql:host=mysq...', 'sail', 'password', Array)
#2 /Users/apple/Documents/advance-gulf-core-project/vendor/laravel/framework/src/Illuminate/Database/Connectors/Connector.php(48): Illuminate\\Database\\Connectors\\Connector->tryAgainIfCausedByLostConnection(Object(PDOException), 'mysql:host=mysq...', 'sail', 'password', Array)
#3 /Users/apple/Documents/advance-gulf-core-project/vendor/laravel/framework/src/Illuminate/Database/Connectors/MySqlConnector.php(24): Illuminate\\Database\\Connectors\\Connector->createConnection('mysql:host=mysq...', Array, Array)
#4 /Users/apple/Documents/advance-gulf-core-project/vendor/laravel/framework/src/Illuminate/Database/Connectors/ConnectionFactory.php(184): Illuminate\\Database\\Connectors\\MySqlConnector->connect(Array)
#5 [internal function]: Illuminate\\Database\\Connectors\\ConnectionFactory->Illuminate\\Database\\Connectors\\{closure}()
#6 /Users/apple/Documents/advance-gulf-core-project/vendor/laravel/framework/src/Illuminate/Database/Connection.php(1339): call_user_func(Object(Closure))
#7 /Users/apple/Documents/advance-gulf-core-project/vendor/laravel/framework/src/Illuminate/Database/Connection.php(1375): Illuminate\\Database\\Connection->getPdo()
#8 /Users/apple/Documents/advance-gulf-core-project/vendor/laravel/framework/src/Illuminate/Database/Connection.php(528): Illuminate\\Database\\Connection->getReadPdo()
#9 /Users/apple/Documents/advance-gulf-core-project/vendor/laravel/framework/src/Illuminate/Database/Connection.php(423): Illuminate\\Database\\Connection->getPdoForSelect(true)
#10 /Users/apple/Documents/advance-gulf-core-project/vendor/laravel/framework/src/Illuminate/Database/Connection.php(816): Illuminate\\Database\\Connection->Illuminate\\Database\\{closure}('select * from `...', Array)
#11 /Users/apple/Documents/advance-gulf-core-project/vendor/laravel/framework/src/Illuminate/Database/Connection.php(983): Illuminate\\Database\\Connection->runQueryCallback('select * from `...', Array, Object(Closure))
#12 /Users/apple/Documents/advance-gulf-core-project/vendor/laravel/framework/src/Illuminate/Database/Connection.php(962): Illuminate\\Database\\Connection->tryAgainIfCausedByLostConnection(Object(Illuminate\\Database\\QueryException), 'select * from `...', Array, Object(Closure))
#13 /Users/apple/Documents/advance-gulf-core-project/vendor/laravel/framework/src/Illuminate/Database/Connection.php(785): Illuminate\\Database\\Connection->handleQueryException(Object(Illuminate\\Database\\QueryException), 'select * from `...', Array, Object(Closure))
#14 /Users/apple/Documents/advance-gulf-core-project/vendor/laravel/framework/src/Illuminate/Database/Connection.php(414): Illuminate\\Database\\Connection->run('select * from `...', Array, Object(Closure))
#15 /Users/apple/Documents/advance-gulf-core-project/vendor/laravel/framework/src/Illuminate/Database/Query/Builder.php(2751): Illuminate\\Database\\Connection->select('select * from `...', Array, true)
#16 /Users/apple/Documents/advance-gulf-core-project/vendor/laravel/framework/src/Illuminate/Database/Query/Builder.php(2740): Illuminate\\Database\\Query\\Builder->runSelect()
#17 /Users/apple/Documents/advance-gulf-core-project/vendor/laravel/framework/src/Illuminate/Database/Query/Builder.php(3294): Illuminate\\Database\\Query\\Builder->Illuminate\\Database\\Query\\{closure}()
#18 /Users/apple/Documents/advance-gulf-core-project/vendor/laravel/framework/src/Illuminate/Database/Query/Builder.php(2739): Illuminate\\Database\\Query\\Builder->onceWithColumns(Array, Object(Closure))
#19 /Users/apple/Documents/advance-gulf-core-project/vendor/laravel/framework/src/Illuminate/Database/Eloquent/Builder.php(738): Illuminate\\Database\\Query\\Builder->get(Array)
#20 /Users/apple/Documents/advance-gulf-core-project/vendor/laravel/framework/src/Illuminate/Database/Eloquent/Builder.php(722): Illuminate\\Database\\Eloquent\\Builder->getModels(Array)
#21 /Users/apple/Documents/advance-gulf-core-project/vendor/laravel/framework/src/Illuminate/Database/Eloquent/Model.php(674): Illuminate\\Database\\Eloquent\\Builder->get(Array)
#22 /Users/apple/Documents/advance-gulf-core-project/app/Models/Setting.php(19): Illuminate\\Database\\Eloquent\\Model::all()
#23 /Users/apple/Documents/advance-gulf-core-project/vendor/laravel/framework/src/Illuminate/Cache/Repository.php(438): App\\Models\\Setting::App\\Models\\{closure}()
#24 /Users/apple/Documents/advance-gulf-core-project/vendor/laravel/framework/src/Illuminate/Cache/CacheManager.php(429): Illuminate\\Cache\\Repository->rememberForever('settings.all', Object(Closure))
#25 /Users/apple/Documents/advance-gulf-core-project/vendor/laravel/framework/src/Illuminate/Support/Facades/Facade.php(355): Illuminate\\Cache\\CacheManager->__call('rememberForever', Array)
#26 /Users/apple/Documents/advance-gulf-core-project/app/Models/Setting.php(18): Illuminate\\Support\\Facades\\Facade::__callStatic('rememberForever', Array)
#27 /Users/apple/Documents/advance-gulf-core-project/app/Models/Setting.php(30): App\\Models\\Setting::getAllSettings()
#28 /Users/apple/Documents/advance-gulf-core-project/app/Models/Setting.php(171): App\\Models\\Setting::has('site_timezone')
#29 /Users/apple/Documents/advance-gulf-core-project/app/helpers.php(49): App\\Models\\Setting::get('site_timezone')
#30 /Users/apple/Documents/advance-gulf-core-project/app/Providers/AppServiceProvider.php(54): setting('site_timezone', 'UTC')
#31 /Users/apple/Documents/advance-gulf-core-project/vendor/laravel/framework/src/Illuminate/Container/BoundMethod.php(36): App\\Providers\\AppServiceProvider->boot()
#32 /Users/apple/Documents/advance-gulf-core-project/vendor/laravel/framework/src/Illuminate/Container/Util.php(41): Illuminate\\Container\\BoundMethod::Illuminate\\Container\\{closure}()
#33 /Users/apple/Documents/advance-gulf-core-project/vendor/laravel/framework/src/Illuminate/Container/BoundMethod.php(93): Illuminate\\Container\\Util::unwrapIfClosure(Object(Closure))
#34 /Users/apple/Documents/advance-gulf-core-project/vendor/laravel/framework/src/Illuminate/Container/BoundMethod.php(35): Illuminate\\Container\\BoundMethod::callBoundMethod(Object(Illuminate\\Foundation\\Application), Array, Object(Closure))
#35 /Users/apple/Documents/advance-gulf-core-project/vendor/laravel/framework/src/Illuminate/Container/Container.php(662): Illuminate\\Container\\BoundMethod::call(Object(Illuminate\\Foundation\\Application), Array, Array, NULL)
#36 /Users/apple/Documents/advance-gulf-core-project/vendor/laravel/framework/src/Illuminate/Foundation/Application.php(1030): Illuminate\\Container\\Container->call(Array)
#37 /Users/apple/Documents/advance-gulf-core-project/vendor/laravel/framework/src/Illuminate/Foundation/Application.php(1011): Illuminate\\Foundation\\Application->bootProvider(Object(App\\Providers\\AppServiceProvider))
#38 [internal function]: Illuminate\\Foundation\\Application->Illuminate\\Foundation\\{closure}(Object(App\\Providers\\AppServiceProvider), 23)
#39 /Users/apple/Documents/advance-gulf-core-project/vendor/laravel/framework/src/Illuminate/Foundation/Application.php(1010): array_walk(Array, Object(Closure))
#40 /Users/apple/Documents/advance-gulf-core-project/vendor/laravel/framework/src/Illuminate/Foundation/Bootstrap/BootProviders.php(17): Illuminate\\Foundation\\Application->boot()
#41 /Users/apple/Documents/advance-gulf-core-project/vendor/laravel/framework/src/Illuminate/Foundation/Application.php(263): Illuminate\\Foundation\\Bootstrap\\BootProviders->bootstrap(Object(Illuminate\\Foundation\\Application))
#42 /Users/apple/Documents/advance-gulf-core-project/vendor/laravel/framework/src/Illuminate/Foundation/Console/Kernel.php(447): Illuminate\\Foundation\\Application->bootstrapWith(Array)
#43 /Users/apple/Documents/advance-gulf-core-project/vendor/laravel/framework/src/Illuminate/Foundation/Console/Kernel.php(199): Illuminate\\Foundation\\Console\\Kernel->bootstrap()
#44 /Users/apple/Documents/advance-gulf-core-project/artisan(35): Illuminate\\Foundation\\Console\\Kernel->handle(Object(Symfony\\Component\\Console\\Input\\ArgvInput), Object(Symfony\\Component\\Console\\Output\\ConsoleOutput))
#45 {main}
"} 
[2024-11-03 18:38:26] local.ERROR: SQLSTATE[HY000] [2002] php_network_getaddresses: getaddrinfo for mysql failed: nodename nor servname provided, or not known (Connection: mysql, SQL: select * from `settings`) {"exception":"[object] (Illuminate\\Database\\QueryException(code: 2002): SQLSTATE[HY000] [2002] php_network_getaddresses: getaddrinfo for mysql failed: nodename nor servname provided, or not known (Connection: mysql, SQL: select * from `settings`) at /Users/apple/Documents/advance-gulf-core-project/vendor/laravel/framework/src/Illuminate/Database/Connection.php:829)
[stacktrace]
#0 /Users/apple/Documents/advance-gulf-core-project/vendor/laravel/framework/src/Illuminate/Database/Connection.php(983): Illuminate\\Database\\Connection->runQueryCallback('select * from `...', Array, Object(Closure))
#1 /Users/apple/Documents/advance-gulf-core-project/vendor/laravel/framework/src/Illuminate/Database/Connection.php(962): Illuminate\\Database\\Connection->tryAgainIfCausedByLostConnection(Object(Illuminate\\Database\\QueryException), 'select * from `...', Array, Object(Closure))
#2 /Users/apple/Documents/advance-gulf-core-project/vendor/laravel/framework/src/Illuminate/Database/Connection.php(785): Illuminate\\Database\\Connection->handleQueryException(Object(Illuminate\\Database\\QueryException), 'select * from `...', Array, Object(Closure))
#3 /Users/apple/Documents/advance-gulf-core-project/vendor/laravel/framework/src/Illuminate/Database/Connection.php(414): Illuminate\\Database\\Connection->run('select * from `...', Array, Object(Closure))
#4 /Users/apple/Documents/advance-gulf-core-project/vendor/laravel/framework/src/Illuminate/Database/Query/Builder.php(2751): Illuminate\\Database\\Connection->select('select * from `...', Array, true)
#5 /Users/apple/Documents/advance-gulf-core-project/vendor/laravel/framework/src/Illuminate/Database/Query/Builder.php(2740): Illuminate\\Database\\Query\\Builder->runSelect()
#6 /Users/apple/Documents/advance-gulf-core-project/vendor/laravel/framework/src/Illuminate/Database/Query/Builder.php(3294): Illuminate\\Database\\Query\\Builder->Illuminate\\Database\\Query\\{closure}()
#7 /Users/apple/Documents/advance-gulf-core-project/vendor/laravel/framework/src/Illuminate/Database/Query/Builder.php(2739): Illuminate\\Database\\Query\\Builder->onceWithColumns(Array, Object(Closure))
#8 /Users/apple/Documents/advance-gulf-core-project/vendor/laravel/framework/src/Illuminate/Database/Eloquent/Builder.php(738): Illuminate\\Database\\Query\\Builder->get(Array)
#9 /Users/apple/Documents/advance-gulf-core-project/vendor/laravel/framework/src/Illuminate/Database/Eloquent/Builder.php(722): Illuminate\\Database\\Eloquent\\Builder->getModels(Array)
#10 /Users/apple/Documents/advance-gulf-core-project/vendor/laravel/framework/src/Illuminate/Database/Eloquent/Model.php(674): Illuminate\\Database\\Eloquent\\Builder->get(Array)
#11 /Users/apple/Documents/advance-gulf-core-project/app/Models/Setting.php(19): Illuminate\\Database\\Eloquent\\Model::all()
#12 /Users/apple/Documents/advance-gulf-core-project/vendor/laravel/framework/src/Illuminate/Cache/Repository.php(438): App\\Models\\Setting::App\\Models\\{closure}()
#13 /Users/apple/Documents/advance-gulf-core-project/vendor/laravel/framework/src/Illuminate/Cache/CacheManager.php(429): Illuminate\\Cache\\Repository->rememberForever('settings.all', Object(Closure))
#14 /Users/apple/Documents/advance-gulf-core-project/vendor/laravel/framework/src/Illuminate/Support/Facades/Facade.php(355): Illuminate\\Cache\\CacheManager->__call('rememberForever', Array)
#15 /Users/apple/Documents/advance-gulf-core-project/app/Models/Setting.php(18): Illuminate\\Support\\Facades\\Facade::__callStatic('rememberForever', Array)
#16 /Users/apple/Documents/advance-gulf-core-project/app/Models/Setting.php(30): App\\Models\\Setting::getAllSettings()
#17 /Users/apple/Documents/advance-gulf-core-project/app/Models/Setting.php(171): App\\Models\\Setting::has('site_timezone')
#18 /Users/apple/Documents/advance-gulf-core-project/app/helpers.php(49): App\\Models\\Setting::get('site_timezone')
#19 /Users/apple/Documents/advance-gulf-core-project/app/Providers/AppServiceProvider.php(54): setting('site_timezone', 'UTC')
#20 /Users/apple/Documents/advance-gulf-core-project/vendor/laravel/framework/src/Illuminate/Container/BoundMethod.php(36): App\\Providers\\AppServiceProvider->boot()
#21 /Users/apple/Documents/advance-gulf-core-project/vendor/laravel/framework/src/Illuminate/Container/Util.php(41): Illuminate\\Container\\BoundMethod::Illuminate\\Container\\{closure}()
#22 /Users/apple/Documents/advance-gulf-core-project/vendor/laravel/framework/src/Illuminate/Container/BoundMethod.php(93): Illuminate\\Container\\Util::unwrapIfClosure(Object(Closure))
#23 /Users/apple/Documents/advance-gulf-core-project/vendor/laravel/framework/src/Illuminate/Container/BoundMethod.php(35): Illuminate\\Container\\BoundMethod::callBoundMethod(Object(Illuminate\\Foundation\\Application), Array, Object(Closure))
#24 /Users/apple/Documents/advance-gulf-core-project/vendor/laravel/framework/src/Illuminate/Container/Container.php(662): Illuminate\\Container\\BoundMethod::call(Object(Illuminate\\Foundation\\Application), Array, Array, NULL)
#25 /Users/apple/Documents/advance-gulf-core-project/vendor/laravel/framework/src/Illuminate/Foundation/Application.php(1030): Illuminate\\Container\\Container->call(Array)
#26 /Users/apple/Documents/advance-gulf-core-project/vendor/laravel/framework/src/Illuminate/Foundation/Application.php(1011): Illuminate\\Foundation\\Application->bootProvider(Object(App\\Providers\\AppServiceProvider))
#27 [internal function]: Illuminate\\Foundation\\Application->Illuminate\\Foundation\\{closure}(Object(App\\Providers\\AppServiceProvider), 27)
#28 /Users/apple/Documents/advance-gulf-core-project/vendor/laravel/framework/src/Illuminate/Foundation/Application.php(1010): array_walk(Array, Object(Closure))
#29 /Users/apple/Documents/advance-gulf-core-project/vendor/laravel/framework/src/Illuminate/Foundation/Bootstrap/BootProviders.php(17): Illuminate\\Foundation\\Application->boot()
#30 /Users/apple/Documents/advance-gulf-core-project/vendor/laravel/framework/src/Illuminate/Foundation/Application.php(263): Illuminate\\Foundation\\Bootstrap\\BootProviders->bootstrap(Object(Illuminate\\Foundation\\Application))
#31 /Users/apple/Documents/advance-gulf-core-project/vendor/laravel/framework/src/Illuminate/Foundation/Console/Kernel.php(447): Illuminate\\Foundation\\Application->bootstrapWith(Array)
#32 /Users/apple/Documents/advance-gulf-core-project/vendor/laravel/framework/src/Illuminate/Foundation/Console/Kernel.php(199): Illuminate\\Foundation\\Console\\Kernel->bootstrap()
#33 /Users/apple/Documents/advance-gulf-core-project/artisan(35): Illuminate\\Foundation\\Console\\Kernel->handle(Object(Symfony\\Component\\Console\\Input\\ArgvInput), Object(Symfony\\Component\\Console\\Output\\ConsoleOutput))
#34 {main}

[previous exception] [object] (PDOException(code: 2002): SQLSTATE[HY000] [2002] php_network_getaddresses: getaddrinfo for mysql failed: nodename nor servname provided, or not known at /Users/apple/Documents/advance-gulf-core-project/vendor/laravel/framework/src/Illuminate/Database/Connectors/Connector.php:65)
[stacktrace]
#0 /Users/apple/Documents/advance-gulf-core-project/vendor/laravel/framework/src/Illuminate/Database/Connectors/Connector.php(65): PDO->__construct('mysql:host=mysq...', 'sail', Object(SensitiveParameterValue), Array)
#1 /Users/apple/Documents/advance-gulf-core-project/vendor/laravel/framework/src/Illuminate/Database/Connectors/Connector.php(83): Illuminate\\Database\\Connectors\\Connector->createPdoConnection('mysql:host=mysq...', 'sail', 'password', Array)
#2 /Users/apple/Documents/advance-gulf-core-project/vendor/laravel/framework/src/Illuminate/Database/Connectors/Connector.php(48): Illuminate\\Database\\Connectors\\Connector->tryAgainIfCausedByLostConnection(Object(PDOException), 'mysql:host=mysq...', 'sail', 'password', Array)
#3 /Users/apple/Documents/advance-gulf-core-project/vendor/laravel/framework/src/Illuminate/Database/Connectors/MySqlConnector.php(24): Illuminate\\Database\\Connectors\\Connector->createConnection('mysql:host=mysq...', Array, Array)
#4 /Users/apple/Documents/advance-gulf-core-project/vendor/laravel/framework/src/Illuminate/Database/Connectors/ConnectionFactory.php(184): Illuminate\\Database\\Connectors\\MySqlConnector->connect(Array)
#5 [internal function]: Illuminate\\Database\\Connectors\\ConnectionFactory->Illuminate\\Database\\Connectors\\{closure}()
#6 /Users/apple/Documents/advance-gulf-core-project/vendor/laravel/framework/src/Illuminate/Database/Connection.php(1339): call_user_func(Object(Closure))
#7 /Users/apple/Documents/advance-gulf-core-project/vendor/laravel/framework/src/Illuminate/Database/Connection.php(1375): Illuminate\\Database\\Connection->getPdo()
#8 /Users/apple/Documents/advance-gulf-core-project/vendor/laravel/framework/src/Illuminate/Database/Connection.php(528): Illuminate\\Database\\Connection->getReadPdo()
#9 /Users/apple/Documents/advance-gulf-core-project/vendor/laravel/framework/src/Illuminate/Database/Connection.php(423): Illuminate\\Database\\Connection->getPdoForSelect(true)
#10 /Users/apple/Documents/advance-gulf-core-project/vendor/laravel/framework/src/Illuminate/Database/Connection.php(816): Illuminate\\Database\\Connection->Illuminate\\Database\\{closure}('select * from `...', Array)
#11 /Users/apple/Documents/advance-gulf-core-project/vendor/laravel/framework/src/Illuminate/Database/Connection.php(983): Illuminate\\Database\\Connection->runQueryCallback('select * from `...', Array, Object(Closure))
#12 /Users/apple/Documents/advance-gulf-core-project/vendor/laravel/framework/src/Illuminate/Database/Connection.php(962): Illuminate\\Database\\Connection->tryAgainIfCausedByLostConnection(Object(Illuminate\\Database\\QueryException), 'select * from `...', Array, Object(Closure))
#13 /Users/apple/Documents/advance-gulf-core-project/vendor/laravel/framework/src/Illuminate/Database/Connection.php(785): Illuminate\\Database\\Connection->handleQueryException(Object(Illuminate\\Database\\QueryException), 'select * from `...', Array, Object(Closure))
#14 /Users/apple/Documents/advance-gulf-core-project/vendor/laravel/framework/src/Illuminate/Database/Connection.php(414): Illuminate\\Database\\Connection->run('select * from `...', Array, Object(Closure))
#15 /Users/apple/Documents/advance-gulf-core-project/vendor/laravel/framework/src/Illuminate/Database/Query/Builder.php(2751): Illuminate\\Database\\Connection->select('select * from `...', Array, true)
#16 /Users/apple/Documents/advance-gulf-core-project/vendor/laravel/framework/src/Illuminate/Database/Query/Builder.php(2740): Illuminate\\Database\\Query\\Builder->runSelect()
#17 /Users/apple/Documents/advance-gulf-core-project/vendor/laravel/framework/src/Illuminate/Database/Query/Builder.php(3294): Illuminate\\Database\\Query\\Builder->Illuminate\\Database\\Query\\{closure}()
#18 /Users/apple/Documents/advance-gulf-core-project/vendor/laravel/framework/src/Illuminate/Database/Query/Builder.php(2739): Illuminate\\Database\\Query\\Builder->onceWithColumns(Array, Object(Closure))
#19 /Users/apple/Documents/advance-gulf-core-project/vendor/laravel/framework/src/Illuminate/Database/Eloquent/Builder.php(738): Illuminate\\Database\\Query\\Builder->get(Array)
#20 /Users/apple/Documents/advance-gulf-core-project/vendor/laravel/framework/src/Illuminate/Database/Eloquent/Builder.php(722): Illuminate\\Database\\Eloquent\\Builder->getModels(Array)
#21 /Users/apple/Documents/advance-gulf-core-project/vendor/laravel/framework/src/Illuminate/Database/Eloquent/Model.php(674): Illuminate\\Database\\Eloquent\\Builder->get(Array)
#22 /Users/apple/Documents/advance-gulf-core-project/app/Models/Setting.php(19): Illuminate\\Database\\Eloquent\\Model::all()
#23 /Users/apple/Documents/advance-gulf-core-project/vendor/laravel/framework/src/Illuminate/Cache/Repository.php(438): App\\Models\\Setting::App\\Models\\{closure}()
#24 /Users/apple/Documents/advance-gulf-core-project/vendor/laravel/framework/src/Illuminate/Cache/CacheManager.php(429): Illuminate\\Cache\\Repository->rememberForever('settings.all', Object(Closure))
#25 /Users/apple/Documents/advance-gulf-core-project/vendor/laravel/framework/src/Illuminate/Support/Facades/Facade.php(355): Illuminate\\Cache\\CacheManager->__call('rememberForever', Array)
#26 /Users/apple/Documents/advance-gulf-core-project/app/Models/Setting.php(18): Illuminate\\Support\\Facades\\Facade::__callStatic('rememberForever', Array)
#27 /Users/apple/Documents/advance-gulf-core-project/app/Models/Setting.php(30): App\\Models\\Setting::getAllSettings()
#28 /Users/apple/Documents/advance-gulf-core-project/app/Models/Setting.php(171): App\\Models\\Setting::has('site_timezone')
#29 /Users/apple/Documents/advance-gulf-core-project/app/helpers.php(49): App\\Models\\Setting::get('site_timezone')
#30 /Users/apple/Documents/advance-gulf-core-project/app/Providers/AppServiceProvider.php(54): setting('site_timezone', 'UTC')
#31 /Users/apple/Documents/advance-gulf-core-project/vendor/laravel/framework/src/Illuminate/Container/BoundMethod.php(36): App\\Providers\\AppServiceProvider->boot()
#32 /Users/apple/Documents/advance-gulf-core-project/vendor/laravel/framework/src/Illuminate/Container/Util.php(41): Illuminate\\Container\\BoundMethod::Illuminate\\Container\\{closure}()
#33 /Users/apple/Documents/advance-gulf-core-project/vendor/laravel/framework/src/Illuminate/Container/BoundMethod.php(93): Illuminate\\Container\\Util::unwrapIfClosure(Object(Closure))
#34 /Users/apple/Documents/advance-gulf-core-project/vendor/laravel/framework/src/Illuminate/Container/BoundMethod.php(35): Illuminate\\Container\\BoundMethod::callBoundMethod(Object(Illuminate\\Foundation\\Application), Array, Object(Closure))
#35 /Users/apple/Documents/advance-gulf-core-project/vendor/laravel/framework/src/Illuminate/Container/Container.php(662): Illuminate\\Container\\BoundMethod::call(Object(Illuminate\\Foundation\\Application), Array, Array, NULL)
#36 /Users/apple/Documents/advance-gulf-core-project/vendor/laravel/framework/src/Illuminate/Foundation/Application.php(1030): Illuminate\\Container\\Container->call(Array)
#37 /Users/apple/Documents/advance-gulf-core-project/vendor/laravel/framework/src/Illuminate/Foundation/Application.php(1011): Illuminate\\Foundation\\Application->bootProvider(Object(App\\Providers\\AppServiceProvider))
#38 [internal function]: Illuminate\\Foundation\\Application->Illuminate\\Foundation\\{closure}(Object(App\\Providers\\AppServiceProvider), 27)
#39 /Users/apple/Documents/advance-gulf-core-project/vendor/laravel/framework/src/Illuminate/Foundation/Application.php(1010): array_walk(Array, Object(Closure))
#40 /Users/apple/Documents/advance-gulf-core-project/vendor/laravel/framework/src/Illuminate/Foundation/Bootstrap/BootProviders.php(17): Illuminate\\Foundation\\Application->boot()
#41 /Users/apple/Documents/advance-gulf-core-project/vendor/laravel/framework/src/Illuminate/Foundation/Application.php(263): Illuminate\\Foundation\\Bootstrap\\BootProviders->bootstrap(Object(Illuminate\\Foundation\\Application))
#42 /Users/apple/Documents/advance-gulf-core-project/vendor/laravel/framework/src/Illuminate/Foundation/Console/Kernel.php(447): Illuminate\\Foundation\\Application->bootstrapWith(Array)
#43 /Users/apple/Documents/advance-gulf-core-project/vendor/laravel/framework/src/Illuminate/Foundation/Console/Kernel.php(199): Illuminate\\Foundation\\Console\\Kernel->bootstrap()
#44 /Users/apple/Documents/advance-gulf-core-project/artisan(35): Illuminate\\Foundation\\Console\\Kernel->handle(Object(Symfony\\Component\\Console\\Input\\ArgvInput), Object(Symfony\\Component\\Console\\Output\\ConsoleOutput))
#45 {main}

[previous exception] [object] (PDOException(code: 0): PDO::__construct(): php_network_getaddresses: getaddrinfo for mysql failed: nodename nor servname provided, or not known at /Users/apple/Documents/advance-gulf-core-project/vendor/laravel/framework/src/Illuminate/Database/Connectors/Connector.php:65)
[stacktrace]
#0 /Users/apple/Documents/advance-gulf-core-project/vendor/laravel/framework/src/Illuminate/Database/Connectors/Connector.php(65): PDO->__construct('mysql:host=mysq...', 'sail', Object(SensitiveParameterValue), Array)
#1 /Users/apple/Documents/advance-gulf-core-project/vendor/laravel/framework/src/Illuminate/Database/Connectors/Connector.php(83): Illuminate\\Database\\Connectors\\Connector->createPdoConnection('mysql:host=mysq...', 'sail', 'password', Array)
#2 /Users/apple/Documents/advance-gulf-core-project/vendor/laravel/framework/src/Illuminate/Database/Connectors/Connector.php(48): Illuminate\\Database\\Connectors\\Connector->tryAgainIfCausedByLostConnection(Object(PDOException), 'mysql:host=mysq...', 'sail', 'password', Array)
#3 /Users/apple/Documents/advance-gulf-core-project/vendor/laravel/framework/src/Illuminate/Database/Connectors/MySqlConnector.php(24): Illuminate\\Database\\Connectors\\Connector->createConnection('mysql:host=mysq...', Array, Array)
#4 /Users/apple/Documents/advance-gulf-core-project/vendor/laravel/framework/src/Illuminate/Database/Connectors/ConnectionFactory.php(184): Illuminate\\Database\\Connectors\\MySqlConnector->connect(Array)
#5 [internal function]: Illuminate\\Database\\Connectors\\ConnectionFactory->Illuminate\\Database\\Connectors\\{closure}()
#6 /Users/apple/Documents/advance-gulf-core-project/vendor/laravel/framework/src/Illuminate/Database/Connection.php(1339): call_user_func(Object(Closure))
#7 /Users/apple/Documents/advance-gulf-core-project/vendor/laravel/framework/src/Illuminate/Database/Connection.php(1375): Illuminate\\Database\\Connection->getPdo()
#8 /Users/apple/Documents/advance-gulf-core-project/vendor/laravel/framework/src/Illuminate/Database/Connection.php(528): Illuminate\\Database\\Connection->getReadPdo()
#9 /Users/apple/Documents/advance-gulf-core-project/vendor/laravel/framework/src/Illuminate/Database/Connection.php(423): Illuminate\\Database\\Connection->getPdoForSelect(true)
#10 /Users/apple/Documents/advance-gulf-core-project/vendor/laravel/framework/src/Illuminate/Database/Connection.php(816): Illuminate\\Database\\Connection->Illuminate\\Database\\{closure}('select * from `...', Array)
#11 /Users/apple/Documents/advance-gulf-core-project/vendor/laravel/framework/src/Illuminate/Database/Connection.php(983): Illuminate\\Database\\Connection->runQueryCallback('select * from `...', Array, Object(Closure))
#12 /Users/apple/Documents/advance-gulf-core-project/vendor/laravel/framework/src/Illuminate/Database/Connection.php(962): Illuminate\\Database\\Connection->tryAgainIfCausedByLostConnection(Object(Illuminate\\Database\\QueryException), 'select * from `...', Array, Object(Closure))
#13 /Users/apple/Documents/advance-gulf-core-project/vendor/laravel/framework/src/Illuminate/Database/Connection.php(785): Illuminate\\Database\\Connection->handleQueryException(Object(Illuminate\\Database\\QueryException), 'select * from `...', Array, Object(Closure))
#14 /Users/apple/Documents/advance-gulf-core-project/vendor/laravel/framework/src/Illuminate/Database/Connection.php(414): Illuminate\\Database\\Connection->run('select * from `...', Array, Object(Closure))
#15 /Users/apple/Documents/advance-gulf-core-project/vendor/laravel/framework/src/Illuminate/Database/Query/Builder.php(2751): Illuminate\\Database\\Connection->select('select * from `...', Array, true)
#16 /Users/apple/Documents/advance-gulf-core-project/vendor/laravel/framework/src/Illuminate/Database/Query/Builder.php(2740): Illuminate\\Database\\Query\\Builder->runSelect()
#17 /Users/apple/Documents/advance-gulf-core-project/vendor/laravel/framework/src/Illuminate/Database/Query/Builder.php(3294): Illuminate\\Database\\Query\\Builder->Illuminate\\Database\\Query\\{closure}()
#18 /Users/apple/Documents/advance-gulf-core-project/vendor/laravel/framework/src/Illuminate/Database/Query/Builder.php(2739): Illuminate\\Database\\Query\\Builder->onceWithColumns(Array, Object(Closure))
#19 /Users/apple/Documents/advance-gulf-core-project/vendor/laravel/framework/src/Illuminate/Database/Eloquent/Builder.php(738): Illuminate\\Database\\Query\\Builder->get(Array)
#20 /Users/apple/Documents/advance-gulf-core-project/vendor/laravel/framework/src/Illuminate/Database/Eloquent/Builder.php(722): Illuminate\\Database\\Eloquent\\Builder->getModels(Array)
#21 /Users/apple/Documents/advance-gulf-core-project/vendor/laravel/framework/src/Illuminate/Database/Eloquent/Model.php(674): Illuminate\\Database\\Eloquent\\Builder->get(Array)
#22 /Users/apple/Documents/advance-gulf-core-project/app/Models/Setting.php(19): Illuminate\\Database\\Eloquent\\Model::all()
#23 /Users/apple/Documents/advance-gulf-core-project/vendor/laravel/framework/src/Illuminate/Cache/Repository.php(438): App\\Models\\Setting::App\\Models\\{closure}()
#24 /Users/apple/Documents/advance-gulf-core-project/vendor/laravel/framework/src/Illuminate/Cache/CacheManager.php(429): Illuminate\\Cache\\Repository->rememberForever('settings.all', Object(Closure))
#25 /Users/apple/Documents/advance-gulf-core-project/vendor/laravel/framework/src/Illuminate/Support/Facades/Facade.php(355): Illuminate\\Cache\\CacheManager->__call('rememberForever', Array)
#26 /Users/apple/Documents/advance-gulf-core-project/app/Models/Setting.php(18): Illuminate\\Support\\Facades\\Facade::__callStatic('rememberForever', Array)
#27 /Users/apple/Documents/advance-gulf-core-project/app/Models/Setting.php(30): App\\Models\\Setting::getAllSettings()
#28 /Users/apple/Documents/advance-gulf-core-project/app/Models/Setting.php(171): App\\Models\\Setting::has('site_timezone')
#29 /Users/apple/Documents/advance-gulf-core-project/app/helpers.php(49): App\\Models\\Setting::get('site_timezone')
#30 /Users/apple/Documents/advance-gulf-core-project/app/Providers/AppServiceProvider.php(54): setting('site_timezone', 'UTC')
#31 /Users/apple/Documents/advance-gulf-core-project/vendor/laravel/framework/src/Illuminate/Container/BoundMethod.php(36): App\\Providers\\AppServiceProvider->boot()
#32 /Users/apple/Documents/advance-gulf-core-project/vendor/laravel/framework/src/Illuminate/Container/Util.php(41): Illuminate\\Container\\BoundMethod::Illuminate\\Container\\{closure}()
#33 /Users/apple/Documents/advance-gulf-core-project/vendor/laravel/framework/src/Illuminate/Container/BoundMethod.php(93): Illuminate\\Container\\Util::unwrapIfClosure(Object(Closure))
#34 /Users/apple/Documents/advance-gulf-core-project/vendor/laravel/framework/src/Illuminate/Container/BoundMethod.php(35): Illuminate\\Container\\BoundMethod::callBoundMethod(Object(Illuminate\\Foundation\\Application), Array, Object(Closure))
#35 /Users/apple/Documents/advance-gulf-core-project/vendor/laravel/framework/src/Illuminate/Container/Container.php(662): Illuminate\\Container\\BoundMethod::call(Object(Illuminate\\Foundation\\Application), Array, Array, NULL)
#36 /Users/apple/Documents/advance-gulf-core-project/vendor/laravel/framework/src/Illuminate/Foundation/Application.php(1030): Illuminate\\Container\\Container->call(Array)
#37 /Users/apple/Documents/advance-gulf-core-project/vendor/laravel/framework/src/Illuminate/Foundation/Application.php(1011): Illuminate\\Foundation\\Application->bootProvider(Object(App\\Providers\\AppServiceProvider))
#38 [internal function]: Illuminate\\Foundation\\Application->Illuminate\\Foundation\\{closure}(Object(App\\Providers\\AppServiceProvider), 27)
#39 /Users/apple/Documents/advance-gulf-core-project/vendor/laravel/framework/src/Illuminate/Foundation/Application.php(1010): array_walk(Array, Object(Closure))
#40 /Users/apple/Documents/advance-gulf-core-project/vendor/laravel/framework/src/Illuminate/Foundation/Bootstrap/BootProviders.php(17): Illuminate\\Foundation\\Application->boot()
#41 /Users/apple/Documents/advance-gulf-core-project/vendor/laravel/framework/src/Illuminate/Foundation/Application.php(263): Illuminate\\Foundation\\Bootstrap\\BootProviders->bootstrap(Object(Illuminate\\Foundation\\Application))
#42 /Users/apple/Documents/advance-gulf-core-project/vendor/laravel/framework/src/Illuminate/Foundation/Console/Kernel.php(447): Illuminate\\Foundation\\Application->bootstrapWith(Array)
#43 /Users/apple/Documents/advance-gulf-core-project/vendor/laravel/framework/src/Illuminate/Foundation/Console/Kernel.php(199): Illuminate\\Foundation\\Console\\Kernel->bootstrap()
#44 /Users/apple/Documents/advance-gulf-core-project/artisan(35): Illuminate\\Foundation\\Console\\Kernel->handle(Object(Symfony\\Component\\Console\\Input\\ArgvInput), Object(Symfony\\Component\\Console\\Output\\ConsoleOutput))
#45 {main}
"} 
[2024-11-04 16:12:19] local.ERROR: SQLSTATE[HY000] [2002] php_network_getaddresses: getaddrinfo for mysql failed: nodename nor servname provided, or not known (Connection: mysql, SQL: select * from `settings`) {"exception":"[object] (Illuminate\\Database\\QueryException(code: 2002): SQLSTATE[HY000] [2002] php_network_getaddresses: getaddrinfo for mysql failed: nodename nor servname provided, or not known (Connection: mysql, SQL: select * from `settings`) at /Users/apple/Documents/advance-gulf-core-project/vendor/laravel/framework/src/Illuminate/Database/Connection.php:829)
[stacktrace]
#0 /Users/apple/Documents/advance-gulf-core-project/vendor/laravel/framework/src/Illuminate/Database/Connection.php(983): Illuminate\\Database\\Connection->runQueryCallback('select * from `...', Array, Object(Closure))
#1 /Users/apple/Documents/advance-gulf-core-project/vendor/laravel/framework/src/Illuminate/Database/Connection.php(962): Illuminate\\Database\\Connection->tryAgainIfCausedByLostConnection(Object(Illuminate\\Database\\QueryException), 'select * from `...', Array, Object(Closure))
#2 /Users/apple/Documents/advance-gulf-core-project/vendor/laravel/framework/src/Illuminate/Database/Connection.php(785): Illuminate\\Database\\Connection->handleQueryException(Object(Illuminate\\Database\\QueryException), 'select * from `...', Array, Object(Closure))
#3 /Users/apple/Documents/advance-gulf-core-project/vendor/laravel/framework/src/Illuminate/Database/Connection.php(414): Illuminate\\Database\\Connection->run('select * from `...', Array, Object(Closure))
#4 /Users/apple/Documents/advance-gulf-core-project/vendor/laravel/framework/src/Illuminate/Database/Query/Builder.php(2751): Illuminate\\Database\\Connection->select('select * from `...', Array, true)
#5 /Users/apple/Documents/advance-gulf-core-project/vendor/laravel/framework/src/Illuminate/Database/Query/Builder.php(2740): Illuminate\\Database\\Query\\Builder->runSelect()
#6 /Users/apple/Documents/advance-gulf-core-project/vendor/laravel/framework/src/Illuminate/Database/Query/Builder.php(3294): Illuminate\\Database\\Query\\Builder->Illuminate\\Database\\Query\\{closure}()
#7 /Users/apple/Documents/advance-gulf-core-project/vendor/laravel/framework/src/Illuminate/Database/Query/Builder.php(2739): Illuminate\\Database\\Query\\Builder->onceWithColumns(Array, Object(Closure))
#8 /Users/apple/Documents/advance-gulf-core-project/vendor/laravel/framework/src/Illuminate/Database/Eloquent/Builder.php(738): Illuminate\\Database\\Query\\Builder->get(Array)
#9 /Users/apple/Documents/advance-gulf-core-project/vendor/laravel/framework/src/Illuminate/Database/Eloquent/Builder.php(722): Illuminate\\Database\\Eloquent\\Builder->getModels(Array)
#10 /Users/apple/Documents/advance-gulf-core-project/vendor/laravel/framework/src/Illuminate/Database/Eloquent/Model.php(674): Illuminate\\Database\\Eloquent\\Builder->get(Array)
#11 /Users/apple/Documents/advance-gulf-core-project/app/Models/Setting.php(19): Illuminate\\Database\\Eloquent\\Model::all()
#12 /Users/apple/Documents/advance-gulf-core-project/vendor/laravel/framework/src/Illuminate/Cache/Repository.php(438): App\\Models\\Setting::App\\Models\\{closure}()
#13 /Users/apple/Documents/advance-gulf-core-project/vendor/laravel/framework/src/Illuminate/Cache/CacheManager.php(429): Illuminate\\Cache\\Repository->rememberForever('settings.all', Object(Closure))
#14 /Users/apple/Documents/advance-gulf-core-project/vendor/laravel/framework/src/Illuminate/Support/Facades/Facade.php(355): Illuminate\\Cache\\CacheManager->__call('rememberForever', Array)
#15 /Users/apple/Documents/advance-gulf-core-project/app/Models/Setting.php(18): Illuminate\\Support\\Facades\\Facade::__callStatic('rememberForever', Array)
#16 /Users/apple/Documents/advance-gulf-core-project/app/Models/Setting.php(30): App\\Models\\Setting::getAllSettings()
#17 /Users/apple/Documents/advance-gulf-core-project/app/Models/Setting.php(171): App\\Models\\Setting::has('site_timezone')
#18 /Users/apple/Documents/advance-gulf-core-project/app/helpers.php(49): App\\Models\\Setting::get('site_timezone')
#19 /Users/apple/Documents/advance-gulf-core-project/app/Providers/AppServiceProvider.php(54): setting('site_timezone', 'UTC')
#20 /Users/apple/Documents/advance-gulf-core-project/vendor/laravel/framework/src/Illuminate/Container/BoundMethod.php(36): App\\Providers\\AppServiceProvider->boot()
#21 /Users/apple/Documents/advance-gulf-core-project/vendor/laravel/framework/src/Illuminate/Container/Util.php(41): Illuminate\\Container\\BoundMethod::Illuminate\\Container\\{closure}()
#22 /Users/apple/Documents/advance-gulf-core-project/vendor/laravel/framework/src/Illuminate/Container/BoundMethod.php(93): Illuminate\\Container\\Util::unwrapIfClosure(Object(Closure))
#23 /Users/apple/Documents/advance-gulf-core-project/vendor/laravel/framework/src/Illuminate/Container/BoundMethod.php(35): Illuminate\\Container\\BoundMethod::callBoundMethod(Object(Illuminate\\Foundation\\Application), Array, Object(Closure))
#24 /Users/apple/Documents/advance-gulf-core-project/vendor/laravel/framework/src/Illuminate/Container/Container.php(662): Illuminate\\Container\\BoundMethod::call(Object(Illuminate\\Foundation\\Application), Array, Array, NULL)
#25 /Users/apple/Documents/advance-gulf-core-project/vendor/laravel/framework/src/Illuminate/Foundation/Application.php(1030): Illuminate\\Container\\Container->call(Array)
#26 /Users/apple/Documents/advance-gulf-core-project/vendor/laravel/framework/src/Illuminate/Foundation/Application.php(1011): Illuminate\\Foundation\\Application->bootProvider(Object(App\\Providers\\AppServiceProvider))
#27 [internal function]: Illuminate\\Foundation\\Application->Illuminate\\Foundation\\{closure}(Object(App\\Providers\\AppServiceProvider), 27)
#28 /Users/apple/Documents/advance-gulf-core-project/vendor/laravel/framework/src/Illuminate/Foundation/Application.php(1010): array_walk(Array, Object(Closure))
#29 /Users/apple/Documents/advance-gulf-core-project/vendor/laravel/framework/src/Illuminate/Foundation/Bootstrap/BootProviders.php(17): Illuminate\\Foundation\\Application->boot()
#30 /Users/apple/Documents/advance-gulf-core-project/vendor/laravel/framework/src/Illuminate/Foundation/Application.php(263): Illuminate\\Foundation\\Bootstrap\\BootProviders->bootstrap(Object(Illuminate\\Foundation\\Application))
#31 /Users/apple/Documents/advance-gulf-core-project/vendor/laravel/framework/src/Illuminate/Foundation/Console/Kernel.php(447): Illuminate\\Foundation\\Application->bootstrapWith(Array)
#32 /Users/apple/Documents/advance-gulf-core-project/vendor/laravel/framework/src/Illuminate/Foundation/Console/Kernel.php(199): Illuminate\\Foundation\\Console\\Kernel->bootstrap()
#33 /Users/apple/Documents/advance-gulf-core-project/artisan(35): Illuminate\\Foundation\\Console\\Kernel->handle(Object(Symfony\\Component\\Console\\Input\\ArgvInput), Object(Symfony\\Component\\Console\\Output\\ConsoleOutput))
#34 {main}

[previous exception] [object] (PDOException(code: 2002): SQLSTATE[HY000] [2002] php_network_getaddresses: getaddrinfo for mysql failed: nodename nor servname provided, or not known at /Users/apple/Documents/advance-gulf-core-project/vendor/laravel/framework/src/Illuminate/Database/Connectors/Connector.php:65)
[stacktrace]
#0 /Users/apple/Documents/advance-gulf-core-project/vendor/laravel/framework/src/Illuminate/Database/Connectors/Connector.php(65): PDO->__construct('mysql:host=mysq...', 'sail', Object(SensitiveParameterValue), Array)
#1 /Users/apple/Documents/advance-gulf-core-project/vendor/laravel/framework/src/Illuminate/Database/Connectors/Connector.php(83): Illuminate\\Database\\Connectors\\Connector->createPdoConnection('mysql:host=mysq...', 'sail', 'password', Array)
#2 /Users/apple/Documents/advance-gulf-core-project/vendor/laravel/framework/src/Illuminate/Database/Connectors/Connector.php(48): Illuminate\\Database\\Connectors\\Connector->tryAgainIfCausedByLostConnection(Object(PDOException), 'mysql:host=mysq...', 'sail', 'password', Array)
#3 /Users/apple/Documents/advance-gulf-core-project/vendor/laravel/framework/src/Illuminate/Database/Connectors/MySqlConnector.php(24): Illuminate\\Database\\Connectors\\Connector->createConnection('mysql:host=mysq...', Array, Array)
#4 /Users/apple/Documents/advance-gulf-core-project/vendor/laravel/framework/src/Illuminate/Database/Connectors/ConnectionFactory.php(184): Illuminate\\Database\\Connectors\\MySqlConnector->connect(Array)
#5 [internal function]: Illuminate\\Database\\Connectors\\ConnectionFactory->Illuminate\\Database\\Connectors\\{closure}()
#6 /Users/apple/Documents/advance-gulf-core-project/vendor/laravel/framework/src/Illuminate/Database/Connection.php(1339): call_user_func(Object(Closure))
#7 /Users/apple/Documents/advance-gulf-core-project/vendor/laravel/framework/src/Illuminate/Database/Connection.php(1375): Illuminate\\Database\\Connection->getPdo()
#8 /Users/apple/Documents/advance-gulf-core-project/vendor/laravel/framework/src/Illuminate/Database/Connection.php(528): Illuminate\\Database\\Connection->getReadPdo()
#9 /Users/apple/Documents/advance-gulf-core-project/vendor/laravel/framework/src/Illuminate/Database/Connection.php(423): Illuminate\\Database\\Connection->getPdoForSelect(true)
#10 /Users/apple/Documents/advance-gulf-core-project/vendor/laravel/framework/src/Illuminate/Database/Connection.php(816): Illuminate\\Database\\Connection->Illuminate\\Database\\{closure}('select * from `...', Array)
#11 /Users/apple/Documents/advance-gulf-core-project/vendor/laravel/framework/src/Illuminate/Database/Connection.php(983): Illuminate\\Database\\Connection->runQueryCallback('select * from `...', Array, Object(Closure))
#12 /Users/apple/Documents/advance-gulf-core-project/vendor/laravel/framework/src/Illuminate/Database/Connection.php(962): Illuminate\\Database\\Connection->tryAgainIfCausedByLostConnection(Object(Illuminate\\Database\\QueryException), 'select * from `...', Array, Object(Closure))
#13 /Users/apple/Documents/advance-gulf-core-project/vendor/laravel/framework/src/Illuminate/Database/Connection.php(785): Illuminate\\Database\\Connection->handleQueryException(Object(Illuminate\\Database\\QueryException), 'select * from `...', Array, Object(Closure))
#14 /Users/apple/Documents/advance-gulf-core-project/vendor/laravel/framework/src/Illuminate/Database/Connection.php(414): Illuminate\\Database\\Connection->run('select * from `...', Array, Object(Closure))
#15 /Users/apple/Documents/advance-gulf-core-project/vendor/laravel/framework/src/Illuminate/Database/Query/Builder.php(2751): Illuminate\\Database\\Connection->select('select * from `...', Array, true)
#16 /Users/apple/Documents/advance-gulf-core-project/vendor/laravel/framework/src/Illuminate/Database/Query/Builder.php(2740): Illuminate\\Database\\Query\\Builder->runSelect()
#17 /Users/apple/Documents/advance-gulf-core-project/vendor/laravel/framework/src/Illuminate/Database/Query/Builder.php(3294): Illuminate\\Database\\Query\\Builder->Illuminate\\Database\\Query\\{closure}()
#18 /Users/apple/Documents/advance-gulf-core-project/vendor/laravel/framework/src/Illuminate/Database/Query/Builder.php(2739): Illuminate\\Database\\Query\\Builder->onceWithColumns(Array, Object(Closure))
#19 /Users/apple/Documents/advance-gulf-core-project/vendor/laravel/framework/src/Illuminate/Database/Eloquent/Builder.php(738): Illuminate\\Database\\Query\\Builder->get(Array)
#20 /Users/apple/Documents/advance-gulf-core-project/vendor/laravel/framework/src/Illuminate/Database/Eloquent/Builder.php(722): Illuminate\\Database\\Eloquent\\Builder->getModels(Array)
#21 /Users/apple/Documents/advance-gulf-core-project/vendor/laravel/framework/src/Illuminate/Database/Eloquent/Model.php(674): Illuminate\\Database\\Eloquent\\Builder->get(Array)
#22 /Users/apple/Documents/advance-gulf-core-project/app/Models/Setting.php(19): Illuminate\\Database\\Eloquent\\Model::all()
#23 /Users/apple/Documents/advance-gulf-core-project/vendor/laravel/framework/src/Illuminate/Cache/Repository.php(438): App\\Models\\Setting::App\\Models\\{closure}()
#24 /Users/apple/Documents/advance-gulf-core-project/vendor/laravel/framework/src/Illuminate/Cache/CacheManager.php(429): Illuminate\\Cache\\Repository->rememberForever('settings.all', Object(Closure))
#25 /Users/apple/Documents/advance-gulf-core-project/vendor/laravel/framework/src/Illuminate/Support/Facades/Facade.php(355): Illuminate\\Cache\\CacheManager->__call('rememberForever', Array)
#26 /Users/apple/Documents/advance-gulf-core-project/app/Models/Setting.php(18): Illuminate\\Support\\Facades\\Facade::__callStatic('rememberForever', Array)
#27 /Users/apple/Documents/advance-gulf-core-project/app/Models/Setting.php(30): App\\Models\\Setting::getAllSettings()
#28 /Users/apple/Documents/advance-gulf-core-project/app/Models/Setting.php(171): App\\Models\\Setting::has('site_timezone')
#29 /Users/apple/Documents/advance-gulf-core-project/app/helpers.php(49): App\\Models\\Setting::get('site_timezone')
#30 /Users/apple/Documents/advance-gulf-core-project/app/Providers/AppServiceProvider.php(54): setting('site_timezone', 'UTC')
#31 /Users/apple/Documents/advance-gulf-core-project/vendor/laravel/framework/src/Illuminate/Container/BoundMethod.php(36): App\\Providers\\AppServiceProvider->boot()
#32 /Users/apple/Documents/advance-gulf-core-project/vendor/laravel/framework/src/Illuminate/Container/Util.php(41): Illuminate\\Container\\BoundMethod::Illuminate\\Container\\{closure}()
#33 /Users/apple/Documents/advance-gulf-core-project/vendor/laravel/framework/src/Illuminate/Container/BoundMethod.php(93): Illuminate\\Container\\Util::unwrapIfClosure(Object(Closure))
#34 /Users/apple/Documents/advance-gulf-core-project/vendor/laravel/framework/src/Illuminate/Container/BoundMethod.php(35): Illuminate\\Container\\BoundMethod::callBoundMethod(Object(Illuminate\\Foundation\\Application), Array, Object(Closure))
#35 /Users/apple/Documents/advance-gulf-core-project/vendor/laravel/framework/src/Illuminate/Container/Container.php(662): Illuminate\\Container\\BoundMethod::call(Object(Illuminate\\Foundation\\Application), Array, Array, NULL)
#36 /Users/apple/Documents/advance-gulf-core-project/vendor/laravel/framework/src/Illuminate/Foundation/Application.php(1030): Illuminate\\Container\\Container->call(Array)
#37 /Users/apple/Documents/advance-gulf-core-project/vendor/laravel/framework/src/Illuminate/Foundation/Application.php(1011): Illuminate\\Foundation\\Application->bootProvider(Object(App\\Providers\\AppServiceProvider))
#38 [internal function]: Illuminate\\Foundation\\Application->Illuminate\\Foundation\\{closure}(Object(App\\Providers\\AppServiceProvider), 27)
#39 /Users/apple/Documents/advance-gulf-core-project/vendor/laravel/framework/src/Illuminate/Foundation/Application.php(1010): array_walk(Array, Object(Closure))
#40 /Users/apple/Documents/advance-gulf-core-project/vendor/laravel/framework/src/Illuminate/Foundation/Bootstrap/BootProviders.php(17): Illuminate\\Foundation\\Application->boot()
#41 /Users/apple/Documents/advance-gulf-core-project/vendor/laravel/framework/src/Illuminate/Foundation/Application.php(263): Illuminate\\Foundation\\Bootstrap\\BootProviders->bootstrap(Object(Illuminate\\Foundation\\Application))
#42 /Users/apple/Documents/advance-gulf-core-project/vendor/laravel/framework/src/Illuminate/Foundation/Console/Kernel.php(447): Illuminate\\Foundation\\Application->bootstrapWith(Array)
#43 /Users/apple/Documents/advance-gulf-core-project/vendor/laravel/framework/src/Illuminate/Foundation/Console/Kernel.php(199): Illuminate\\Foundation\\Console\\Kernel->bootstrap()
#44 /Users/apple/Documents/advance-gulf-core-project/artisan(35): Illuminate\\Foundation\\Console\\Kernel->handle(Object(Symfony\\Component\\Console\\Input\\ArgvInput), Object(Symfony\\Component\\Console\\Output\\ConsoleOutput))
#45 {main}

[previous exception] [object] (PDOException(code: 0): PDO::__construct(): php_network_getaddresses: getaddrinfo for mysql failed: nodename nor servname provided, or not known at /Users/apple/Documents/advance-gulf-core-project/vendor/laravel/framework/src/Illuminate/Database/Connectors/Connector.php:65)
[stacktrace]
#0 /Users/apple/Documents/advance-gulf-core-project/vendor/laravel/framework/src/Illuminate/Database/Connectors/Connector.php(65): PDO->__construct('mysql:host=mysq...', 'sail', Object(SensitiveParameterValue), Array)
#1 /Users/apple/Documents/advance-gulf-core-project/vendor/laravel/framework/src/Illuminate/Database/Connectors/Connector.php(83): Illuminate\\Database\\Connectors\\Connector->createPdoConnection('mysql:host=mysq...', 'sail', 'password', Array)
#2 /Users/apple/Documents/advance-gulf-core-project/vendor/laravel/framework/src/Illuminate/Database/Connectors/Connector.php(48): Illuminate\\Database\\Connectors\\Connector->tryAgainIfCausedByLostConnection(Object(PDOException), 'mysql:host=mysq...', 'sail', 'password', Array)
#3 /Users/apple/Documents/advance-gulf-core-project/vendor/laravel/framework/src/Illuminate/Database/Connectors/MySqlConnector.php(24): Illuminate\\Database\\Connectors\\Connector->createConnection('mysql:host=mysq...', Array, Array)
#4 /Users/apple/Documents/advance-gulf-core-project/vendor/laravel/framework/src/Illuminate/Database/Connectors/ConnectionFactory.php(184): Illuminate\\Database\\Connectors\\MySqlConnector->connect(Array)
#5 [internal function]: Illuminate\\Database\\Connectors\\ConnectionFactory->Illuminate\\Database\\Connectors\\{closure}()
#6 /Users/apple/Documents/advance-gulf-core-project/vendor/laravel/framework/src/Illuminate/Database/Connection.php(1339): call_user_func(Object(Closure))
#7 /Users/apple/Documents/advance-gulf-core-project/vendor/laravel/framework/src/Illuminate/Database/Connection.php(1375): Illuminate\\Database\\Connection->getPdo()
#8 /Users/apple/Documents/advance-gulf-core-project/vendor/laravel/framework/src/Illuminate/Database/Connection.php(528): Illuminate\\Database\\Connection->getReadPdo()
#9 /Users/apple/Documents/advance-gulf-core-project/vendor/laravel/framework/src/Illuminate/Database/Connection.php(423): Illuminate\\Database\\Connection->getPdoForSelect(true)
#10 /Users/apple/Documents/advance-gulf-core-project/vendor/laravel/framework/src/Illuminate/Database/Connection.php(816): Illuminate\\Database\\Connection->Illuminate\\Database\\{closure}('select * from `...', Array)
#11 /Users/apple/Documents/advance-gulf-core-project/vendor/laravel/framework/src/Illuminate/Database/Connection.php(983): Illuminate\\Database\\Connection->runQueryCallback('select * from `...', Array, Object(Closure))
#12 /Users/apple/Documents/advance-gulf-core-project/vendor/laravel/framework/src/Illuminate/Database/Connection.php(962): Illuminate\\Database\\Connection->tryAgainIfCausedByLostConnection(Object(Illuminate\\Database\\QueryException), 'select * from `...', Array, Object(Closure))
#13 /Users/apple/Documents/advance-gulf-core-project/vendor/laravel/framework/src/Illuminate/Database/Connection.php(785): Illuminate\\Database\\Connection->handleQueryException(Object(Illuminate\\Database\\QueryException), 'select * from `...', Array, Object(Closure))
#14 /Users/apple/Documents/advance-gulf-core-project/vendor/laravel/framework/src/Illuminate/Database/Connection.php(414): Illuminate\\Database\\Connection->run('select * from `...', Array, Object(Closure))
#15 /Users/apple/Documents/advance-gulf-core-project/vendor/laravel/framework/src/Illuminate/Database/Query/Builder.php(2751): Illuminate\\Database\\Connection->select('select * from `...', Array, true)
#16 /Users/apple/Documents/advance-gulf-core-project/vendor/laravel/framework/src/Illuminate/Database/Query/Builder.php(2740): Illuminate\\Database\\Query\\Builder->runSelect()
#17 /Users/apple/Documents/advance-gulf-core-project/vendor/laravel/framework/src/Illuminate/Database/Query/Builder.php(3294): Illuminate\\Database\\Query\\Builder->Illuminate\\Database\\Query\\{closure}()
#18 /Users/apple/Documents/advance-gulf-core-project/vendor/laravel/framework/src/Illuminate/Database/Query/Builder.php(2739): Illuminate\\Database\\Query\\Builder->onceWithColumns(Array, Object(Closure))
#19 /Users/apple/Documents/advance-gulf-core-project/vendor/laravel/framework/src/Illuminate/Database/Eloquent/Builder.php(738): Illuminate\\Database\\Query\\Builder->get(Array)
#20 /Users/apple/Documents/advance-gulf-core-project/vendor/laravel/framework/src/Illuminate/Database/Eloquent/Builder.php(722): Illuminate\\Database\\Eloquent\\Builder->getModels(Array)
#21 /Users/apple/Documents/advance-gulf-core-project/vendor/laravel/framework/src/Illuminate/Database/Eloquent/Model.php(674): Illuminate\\Database\\Eloquent\\Builder->get(Array)
#22 /Users/apple/Documents/advance-gulf-core-project/app/Models/Setting.php(19): Illuminate\\Database\\Eloquent\\Model::all()
#23 /Users/apple/Documents/advance-gulf-core-project/vendor/laravel/framework/src/Illuminate/Cache/Repository.php(438): App\\Models\\Setting::App\\Models\\{closure}()
#24 /Users/apple/Documents/advance-gulf-core-project/vendor/laravel/framework/src/Illuminate/Cache/CacheManager.php(429): Illuminate\\Cache\\Repository->rememberForever('settings.all', Object(Closure))
#25 /Users/apple/Documents/advance-gulf-core-project/vendor/laravel/framework/src/Illuminate/Support/Facades/Facade.php(355): Illuminate\\Cache\\CacheManager->__call('rememberForever', Array)
#26 /Users/apple/Documents/advance-gulf-core-project/app/Models/Setting.php(18): Illuminate\\Support\\Facades\\Facade::__callStatic('rememberForever', Array)
#27 /Users/apple/Documents/advance-gulf-core-project/app/Models/Setting.php(30): App\\Models\\Setting::getAllSettings()
#28 /Users/apple/Documents/advance-gulf-core-project/app/Models/Setting.php(171): App\\Models\\Setting::has('site_timezone')
#29 /Users/apple/Documents/advance-gulf-core-project/app/helpers.php(49): App\\Models\\Setting::get('site_timezone')
#30 /Users/apple/Documents/advance-gulf-core-project/app/Providers/AppServiceProvider.php(54): setting('site_timezone', 'UTC')
#31 /Users/apple/Documents/advance-gulf-core-project/vendor/laravel/framework/src/Illuminate/Container/BoundMethod.php(36): App\\Providers\\AppServiceProvider->boot()
#32 /Users/apple/Documents/advance-gulf-core-project/vendor/laravel/framework/src/Illuminate/Container/Util.php(41): Illuminate\\Container\\BoundMethod::Illuminate\\Container\\{closure}()
#33 /Users/apple/Documents/advance-gulf-core-project/vendor/laravel/framework/src/Illuminate/Container/BoundMethod.php(93): Illuminate\\Container\\Util::unwrapIfClosure(Object(Closure))
#34 /Users/apple/Documents/advance-gulf-core-project/vendor/laravel/framework/src/Illuminate/Container/BoundMethod.php(35): Illuminate\\Container\\BoundMethod::callBoundMethod(Object(Illuminate\\Foundation\\Application), Array, Object(Closure))
#35 /Users/apple/Documents/advance-gulf-core-project/vendor/laravel/framework/src/Illuminate/Container/Container.php(662): Illuminate\\Container\\BoundMethod::call(Object(Illuminate\\Foundation\\Application), Array, Array, NULL)
#36 /Users/apple/Documents/advance-gulf-core-project/vendor/laravel/framework/src/Illuminate/Foundation/Application.php(1030): Illuminate\\Container\\Container->call(Array)
#37 /Users/apple/Documents/advance-gulf-core-project/vendor/laravel/framework/src/Illuminate/Foundation/Application.php(1011): Illuminate\\Foundation\\Application->bootProvider(Object(App\\Providers\\AppServiceProvider))
#38 [internal function]: Illuminate\\Foundation\\Application->Illuminate\\Foundation\\{closure}(Object(App\\Providers\\AppServiceProvider), 27)
#39 /Users/apple/Documents/advance-gulf-core-project/vendor/laravel/framework/src/Illuminate/Foundation/Application.php(1010): array_walk(Array, Object(Closure))
#40 /Users/apple/Documents/advance-gulf-core-project/vendor/laravel/framework/src/Illuminate/Foundation/Bootstrap/BootProviders.php(17): Illuminate\\Foundation\\Application->boot()
#41 /Users/apple/Documents/advance-gulf-core-project/vendor/laravel/framework/src/Illuminate/Foundation/Application.php(263): Illuminate\\Foundation\\Bootstrap\\BootProviders->bootstrap(Object(Illuminate\\Foundation\\Application))
#42 /Users/apple/Documents/advance-gulf-core-project/vendor/laravel/framework/src/Illuminate/Foundation/Console/Kernel.php(447): Illuminate\\Foundation\\Application->bootstrapWith(Array)
#43 /Users/apple/Documents/advance-gulf-core-project/vendor/laravel/framework/src/Illuminate/Foundation/Console/Kernel.php(199): Illuminate\\Foundation\\Console\\Kernel->bootstrap()
#44 /Users/apple/Documents/advance-gulf-core-project/artisan(35): Illuminate\\Foundation\\Console\\Kernel->handle(Object(Symfony\\Component\\Console\\Input\\ArgvInput), Object(Symfony\\Component\\Console\\Output\\ConsoleOutput))
#45 {main}
"} 
